[2020-11-13]  08:35:40    geolocbot INFO      [TERC] Result(s):
     WOJ  POW  GMI RODZ                NAZWA    NAZWA_DOD     STAN_NA
0     02  NaN  NaN  NaN         DOLNOŚLĄSKIE  województwo  2020-01-01
317   04  NaN  NaN  NaN   KUJAWSKO-POMORSKIE  województwo  2020-01-01
555   06  NaN  NaN  NaN            LUBELSKIE  województwo  2020-01-01
849   08  NaN  NaN  NaN             LUBUSKIE  województwo  2020-01-01
1014  10  NaN  NaN  NaN              ŁÓDZKIE  województwo  2020-01-01
1277  12  NaN  NaN  NaN          MAŁOPOLSKIE  województwo  2020-01-01
1582  14  NaN  NaN  NaN          MAZOWIECKIE  województwo  2020-01-01
2065  16  NaN  NaN  NaN             OPOLSKIE  województwo  2020-01-01
2215  18  NaN  NaN  NaN         PODKARPACKIE  województwo  2020-01-01
2471  20  NaN  NaN  NaN            PODLASKIE  województwo  2020-01-01
2661  22  NaN  NaN  NaN            POMORSKIE  województwo  2020-01-01
2845  24  NaN  NaN  NaN              ŚLĄSKIE  województwo  2020-01-01
3093  26  NaN  NaN  NaN       ŚWIĘTOKRZYSKIE  województwo  2020-01-01
3288  28  NaN  NaN  NaN  WARMIŃSKO-MAZURSKIE  województwo  2020-01-01
3494  30  NaN  NaN  NaN        WIELKOPOLSKIE  województwo  2020-01-01
3949  32  NaN  NaN  NaN   ZACHODNIOPOMORSKIE  województwo  2020-01-01
[2020-11-13]  08:35:40    geolocbot INFO      [TERC] Result(s):
     WOJ POW  GMI RODZ     NAZWA                  NAZWA_DOD     STAN_NA
3321  28  04  NaN  NaN  elbląski                     powiat  2020-01-01
3322  28  04   01    2    Elbląg              gmina wiejska  2020-01-01
3337  28  05  NaN  NaN     ełcki                     powiat  2020-01-01
3338  28  05   01    1       Ełk              gmina miejska  2020-01-01
3339  28  05   02    2       Ełk              gmina wiejska  2020-01-01
3490  28  61  NaN  NaN    Elbląg  miasto na prawach powiatu  2020-01-01
3491  28  61   01    1    Elbląg              gmina miejska  2020-01-01
[2020-11-13]  08:36:38    geolocbot INFO      [TERC] Result(s):
     WOJ  POW  GMI RODZ                NAZWA    NAZWA_DOD     STAN_NA
0     02  NaN  NaN  NaN         DOLNOŚLĄSKIE  województwo  2020-01-01
317   04  NaN  NaN  NaN   KUJAWSKO-POMORSKIE  województwo  2020-01-01
555   06  NaN  NaN  NaN            LUBELSKIE  województwo  2020-01-01
849   08  NaN  NaN  NaN             LUBUSKIE  województwo  2020-01-01
1014  10  NaN  NaN  NaN              ŁÓDZKIE  województwo  2020-01-01
1277  12  NaN  NaN  NaN          MAŁOPOLSKIE  województwo  2020-01-01
1582  14  NaN  NaN  NaN          MAZOWIECKIE  województwo  2020-01-01
2065  16  NaN  NaN  NaN             OPOLSKIE  województwo  2020-01-01
2215  18  NaN  NaN  NaN         PODKARPACKIE  województwo  2020-01-01
2471  20  NaN  NaN  NaN            PODLASKIE  województwo  2020-01-01
2661  22  NaN  NaN  NaN            POMORSKIE  województwo  2020-01-01
2845  24  NaN  NaN  NaN              ŚLĄSKIE  województwo  2020-01-01
3093  26  NaN  NaN  NaN       ŚWIĘTOKRZYSKIE  województwo  2020-01-01
3288  28  NaN  NaN  NaN  WARMIŃSKO-MAZURSKIE  województwo  2020-01-01
3494  30  NaN  NaN  NaN        WIELKOPOLSKIE  województwo  2020-01-01
3949  32  NaN  NaN  NaN   ZACHODNIOPOMORSKIE  województwo  2020-01-01
[2020-11-13]  08:36:38    geolocbot INFO      [TERC] Result(s):
     WOJ POW  GMI RODZ     NAZWA                  NAZWA_DOD     STAN_NA
3321  28  04  NaN  NaN  elbląski                     powiat  2020-01-01
3322  28  04   01    2    Elbląg              gmina wiejska  2020-01-01
3337  28  05  NaN  NaN     ełcki                     powiat  2020-01-01
3338  28  05   01    1       Ełk              gmina miejska  2020-01-01
3339  28  05   02    2       Ełk              gmina wiejska  2020-01-01
3490  28  61  NaN  NaN    Elbląg  miasto na prawach powiatu  2020-01-01
3491  28  61   01    1    Elbląg              gmina miejska  2020-01-01
[2020-11-13]  08:36:39    pywiki    CRITICAL  Exiting due to uncaught exception <class 'AttributeError'>
[2020-11-13]  08:36:54    geolocbot INFO      [TERC] Result(s):
     WOJ  POW  GMI RODZ                NAZWA    NAZWA_DOD     STAN_NA
0     02  NaN  NaN  NaN         DOLNOŚLĄSKIE  województwo  2020-01-01
317   04  NaN  NaN  NaN   KUJAWSKO-POMORSKIE  województwo  2020-01-01
555   06  NaN  NaN  NaN            LUBELSKIE  województwo  2020-01-01
849   08  NaN  NaN  NaN             LUBUSKIE  województwo  2020-01-01
1014  10  NaN  NaN  NaN              ŁÓDZKIE  województwo  2020-01-01
1277  12  NaN  NaN  NaN          MAŁOPOLSKIE  województwo  2020-01-01
1582  14  NaN  NaN  NaN          MAZOWIECKIE  województwo  2020-01-01
2065  16  NaN  NaN  NaN             OPOLSKIE  województwo  2020-01-01
2215  18  NaN  NaN  NaN         PODKARPACKIE  województwo  2020-01-01
2471  20  NaN  NaN  NaN            PODLASKIE  województwo  2020-01-01
2661  22  NaN  NaN  NaN            POMORSKIE  województwo  2020-01-01
2845  24  NaN  NaN  NaN              ŚLĄSKIE  województwo  2020-01-01
3093  26  NaN  NaN  NaN       ŚWIĘTOKRZYSKIE  województwo  2020-01-01
3288  28  NaN  NaN  NaN  WARMIŃSKO-MAZURSKIE  województwo  2020-01-01
3494  30  NaN  NaN  NaN        WIELKOPOLSKIE  województwo  2020-01-01
3949  32  NaN  NaN  NaN   ZACHODNIOPOMORSKIE  województwo  2020-01-01
[2020-11-13]  08:36:54    geolocbot INFO      [TERC] Result(s):
     WOJ POW  GMI RODZ     NAZWA                  NAZWA_DOD     STAN_NA
3321  28  04  NaN  NaN  elbląski                     powiat  2020-01-01
3322  28  04   01    2    Elbląg              gmina wiejska  2020-01-01
3337  28  05  NaN  NaN     ełcki                     powiat  2020-01-01
3338  28  05   01    1       Ełk              gmina miejska  2020-01-01
3339  28  05   02    2       Ełk              gmina wiejska  2020-01-01
3490  28  61  NaN  NaN    Elbląg  miasto na prawach powiatu  2020-01-01
3491  28  61   01    1    Elbląg              gmina miejska  2020-01-01
[2020-11-13]  08:39:44    geolocbot INFO      [TERC] Result(s):
     WOJ  POW  GMI RODZ                NAZWA    NAZWA_DOD     STAN_NA
0     02  NaN  NaN  NaN         DOLNOŚLĄSKIE  województwo  2020-01-01
317   04  NaN  NaN  NaN   KUJAWSKO-POMORSKIE  województwo  2020-01-01
555   06  NaN  NaN  NaN            LUBELSKIE  województwo  2020-01-01
849   08  NaN  NaN  NaN             LUBUSKIE  województwo  2020-01-01
1014  10  NaN  NaN  NaN              ŁÓDZKIE  województwo  2020-01-01
1277  12  NaN  NaN  NaN          MAŁOPOLSKIE  województwo  2020-01-01
1582  14  NaN  NaN  NaN          MAZOWIECKIE  województwo  2020-01-01
2065  16  NaN  NaN  NaN             OPOLSKIE  województwo  2020-01-01
2215  18  NaN  NaN  NaN         PODKARPACKIE  województwo  2020-01-01
2471  20  NaN  NaN  NaN            PODLASKIE  województwo  2020-01-01
2661  22  NaN  NaN  NaN            POMORSKIE  województwo  2020-01-01
2845  24  NaN  NaN  NaN              ŚLĄSKIE  województwo  2020-01-01
3093  26  NaN  NaN  NaN       ŚWIĘTOKRZYSKIE  województwo  2020-01-01
3288  28  NaN  NaN  NaN  WARMIŃSKO-MAZURSKIE  województwo  2020-01-01
3494  30  NaN  NaN  NaN        WIELKOPOLSKIE  województwo  2020-01-01
3949  32  NaN  NaN  NaN   ZACHODNIOPOMORSKIE  województwo  2020-01-01
[2020-11-13]  08:39:49    geolocbot INFO      [TERC] Result(s):
     WOJ  POW  GMI RODZ                NAZWA    NAZWA_DOD     STAN_NA
0     02  NaN  NaN  NaN         DOLNOŚLĄSKIE  województwo  2020-01-01
317   04  NaN  NaN  NaN   KUJAWSKO-POMORSKIE  województwo  2020-01-01
555   06  NaN  NaN  NaN            LUBELSKIE  województwo  2020-01-01
849   08  NaN  NaN  NaN             LUBUSKIE  województwo  2020-01-01
1014  10  NaN  NaN  NaN              ŁÓDZKIE  województwo  2020-01-01
1277  12  NaN  NaN  NaN          MAŁOPOLSKIE  województwo  2020-01-01
1582  14  NaN  NaN  NaN          MAZOWIECKIE  województwo  2020-01-01
2065  16  NaN  NaN  NaN             OPOLSKIE  województwo  2020-01-01
2215  18  NaN  NaN  NaN         PODKARPACKIE  województwo  2020-01-01
2471  20  NaN  NaN  NaN            PODLASKIE  województwo  2020-01-01
2661  22  NaN  NaN  NaN            POMORSKIE  województwo  2020-01-01
2845  24  NaN  NaN  NaN              ŚLĄSKIE  województwo  2020-01-01
3093  26  NaN  NaN  NaN       ŚWIĘTOKRZYSKIE  województwo  2020-01-01
3288  28  NaN  NaN  NaN  WARMIŃSKO-MAZURSKIE  województwo  2020-01-01
3494  30  NaN  NaN  NaN        WIELKOPOLSKIE  województwo  2020-01-01
3949  32  NaN  NaN  NaN   ZACHODNIOPOMORSKIE  województwo  2020-01-01
[2020-11-13]  08:43:06    pywiki    CRITICAL  Exiting due to uncaught exception <class 'TypeError'>
[2020-11-13]  08:43:54    geolocbot INFO      [TERC] Result(s):
     WOJ  POW  GMI RODZ                NAZWA    NAZWA_DOD     STAN_NA
0     02  NaN  NaN  NaN         DOLNOŚLĄSKIE  województwo  2020-01-01
317   04  NaN  NaN  NaN   KUJAWSKO-POMORSKIE  województwo  2020-01-01
555   06  NaN  NaN  NaN            LUBELSKIE  województwo  2020-01-01
849   08  NaN  NaN  NaN             LUBUSKIE  województwo  2020-01-01
1014  10  NaN  NaN  NaN              ŁÓDZKIE  województwo  2020-01-01
1277  12  NaN  NaN  NaN          MAŁOPOLSKIE  województwo  2020-01-01
1582  14  NaN  NaN  NaN          MAZOWIECKIE  województwo  2020-01-01
2065  16  NaN  NaN  NaN             OPOLSKIE  województwo  2020-01-01
2215  18  NaN  NaN  NaN         PODKARPACKIE  województwo  2020-01-01
2471  20  NaN  NaN  NaN            PODLASKIE  województwo  2020-01-01
2661  22  NaN  NaN  NaN            POMORSKIE  województwo  2020-01-01
2845  24  NaN  NaN  NaN              ŚLĄSKIE  województwo  2020-01-01
3093  26  NaN  NaN  NaN       ŚWIĘTOKRZYSKIE  województwo  2020-01-01
3288  28  NaN  NaN  NaN  WARMIŃSKO-MAZURSKIE  województwo  2020-01-01
3494  30  NaN  NaN  NaN        WIELKOPOLSKIE  województwo  2020-01-01
3949  32  NaN  NaN  NaN   ZACHODNIOPOMORSKIE  województwo  2020-01-01
[2020-11-13]  08:44:13    geolocbot INFO      [TERC] Result(s):
     WOJ  POW  GMI RODZ                NAZWA    NAZWA_DOD     STAN_NA
0     02  NaN  NaN  NaN         DOLNOŚLĄSKIE  województwo  2020-01-01
317   04  NaN  NaN  NaN   KUJAWSKO-POMORSKIE  województwo  2020-01-01
555   06  NaN  NaN  NaN            LUBELSKIE  województwo  2020-01-01
849   08  NaN  NaN  NaN             LUBUSKIE  województwo  2020-01-01
1014  10  NaN  NaN  NaN              ŁÓDZKIE  województwo  2020-01-01
1277  12  NaN  NaN  NaN          MAŁOPOLSKIE  województwo  2020-01-01
1582  14  NaN  NaN  NaN          MAZOWIECKIE  województwo  2020-01-01
2065  16  NaN  NaN  NaN             OPOLSKIE  województwo  2020-01-01
2215  18  NaN  NaN  NaN         PODKARPACKIE  województwo  2020-01-01
2471  20  NaN  NaN  NaN            PODLASKIE  województwo  2020-01-01
2661  22  NaN  NaN  NaN            POMORSKIE  województwo  2020-01-01
2845  24  NaN  NaN  NaN              ŚLĄSKIE  województwo  2020-01-01
3093  26  NaN  NaN  NaN       ŚWIĘTOKRZYSKIE  województwo  2020-01-01
3288  28  NaN  NaN  NaN  WARMIŃSKO-MAZURSKIE  województwo  2020-01-01
3494  30  NaN  NaN  NaN        WIELKOPOLSKIE  województwo  2020-01-01
3949  32  NaN  NaN  NaN   ZACHODNIOPOMORSKIE  województwo  2020-01-01
[2020-11-13]  08:44:24    geolocbot INFO      [TERC] Result(s):
     WOJ  POW  GMI RODZ                NAZWA    NAZWA_DOD     STAN_NA
0     02  NaN  NaN  NaN         DOLNOŚLĄSKIE  województwo  2020-01-01
317   04  NaN  NaN  NaN   KUJAWSKO-POMORSKIE  województwo  2020-01-01
555   06  NaN  NaN  NaN            LUBELSKIE  województwo  2020-01-01
849   08  NaN  NaN  NaN             LUBUSKIE  województwo  2020-01-01
1014  10  NaN  NaN  NaN              ŁÓDZKIE  województwo  2020-01-01
1277  12  NaN  NaN  NaN          MAŁOPOLSKIE  województwo  2020-01-01
1582  14  NaN  NaN  NaN          MAZOWIECKIE  województwo  2020-01-01
2065  16  NaN  NaN  NaN             OPOLSKIE  województwo  2020-01-01
2215  18  NaN  NaN  NaN         PODKARPACKIE  województwo  2020-01-01
2471  20  NaN  NaN  NaN            PODLASKIE  województwo  2020-01-01
2661  22  NaN  NaN  NaN            POMORSKIE  województwo  2020-01-01
2845  24  NaN  NaN  NaN              ŚLĄSKIE  województwo  2020-01-01
3093  26  NaN  NaN  NaN       ŚWIĘTOKRZYSKIE  województwo  2020-01-01
3288  28  NaN  NaN  NaN  WARMIŃSKO-MAZURSKIE  województwo  2020-01-01
3494  30  NaN  NaN  NaN        WIELKOPOLSKIE  województwo  2020-01-01
3949  32  NaN  NaN  NaN   ZACHODNIOPOMORSKIE  województwo  2020-01-01
[2020-11-13]  08:44:34    geolocbot INFO      [TERC] Result(s):
     WOJ  POW  GMI RODZ                NAZWA    NAZWA_DOD     STAN_NA
0     02  NaN  NaN  NaN         DOLNOŚLĄSKIE  województwo  2020-01-01
317   04  NaN  NaN  NaN   KUJAWSKO-POMORSKIE  województwo  2020-01-01
555   06  NaN  NaN  NaN            LUBELSKIE  województwo  2020-01-01
849   08  NaN  NaN  NaN             LUBUSKIE  województwo  2020-01-01
1014  10  NaN  NaN  NaN              ŁÓDZKIE  województwo  2020-01-01
1277  12  NaN  NaN  NaN          MAŁOPOLSKIE  województwo  2020-01-01
1582  14  NaN  NaN  NaN          MAZOWIECKIE  województwo  2020-01-01
2065  16  NaN  NaN  NaN             OPOLSKIE  województwo  2020-01-01
2215  18  NaN  NaN  NaN         PODKARPACKIE  województwo  2020-01-01
2471  20  NaN  NaN  NaN            PODLASKIE  województwo  2020-01-01
2661  22  NaN  NaN  NaN            POMORSKIE  województwo  2020-01-01
2845  24  NaN  NaN  NaN              ŚLĄSKIE  województwo  2020-01-01
3093  26  NaN  NaN  NaN       ŚWIĘTOKRZYSKIE  województwo  2020-01-01
3288  28  NaN  NaN  NaN  WARMIŃSKO-MAZURSKIE  województwo  2020-01-01
3494  30  NaN  NaN  NaN        WIELKOPOLSKIE  województwo  2020-01-01
3949  32  NaN  NaN  NaN   ZACHODNIOPOMORSKIE  województwo  2020-01-01
[2020-11-13]  08:59:36    geolocbot INFO      [TERC] Result(s):
     WOJ POW  GMI RODZ           NAZWA              NAZWA_DOD     STAN_NA
10    02  02  NaN  NaN  dzierżoniowski                 powiat  2020-01-01
11    02  02   01    1         Bielawa          gmina miejska  2020-01-01
12    02  02   02    1     Dzierżoniów          gmina miejska  2020-01-01
13    02  02   03    3        Pieszyce  gmina miejsko-wiejska  2020-01-01
14    02  02   03    4        Pieszyce                 miasto  2020-01-01
...   ..  ..  ...  ...             ...                    ...         ...
3969  32  02   05    4        Pełczyce                 miasto  2020-01-01
3970  32  02   05    5        Pełczyce         obszar wiejski  2020-01-01
3971  32  02   06    3            Recz  gmina miejsko-wiejska  2020-01-01
3972  32  02   06    4            Recz                 miasto  2020-01-01
3973  32  02   06    5            Recz         obszar wiejski  2020-01-01

[235 rows x 7 columns]
[2020-11-13]  08:59:53    pywiki    CRITICAL  Exiting due to uncaught exception <class 'KeyError'>
[2020-11-13]  09:00:09    pywiki    CRITICAL  Exiting due to uncaught exception <class 'NameError'>
[2020-11-13]  09:02:58    pywiki    CRITICAL  Exiting due to uncaught exception <class 'NameError'>
[2020-11-13]  09:04:05    geolocbot INFO      No string in the TERC field (column: 'POW', parsed from: 'powiat') represents value 'woj', returning last frame no. 0…
[2020-11-13]  09:04:05    geolocbot INFO      [TERC] Entry frame not found.
[2020-11-13]  09:05:03    geolocbot INFO      No string in the TERC field (column: 'POW', parsed from: 'powiat') represents value 'woj', returning last frame no. 0…
[2020-11-13]  09:05:03    geolocbot INFO      [TERC] Entry frame not found.
[2020-11-13]  09:05:04    pywiki    CRITICAL  Exiting due to uncaught exception <class 'AttributeError'>
[2020-11-13]  09:12:01    geolocbot INFO      No string in the TERC field (column: 'POW', parsed from: 'powiat') represents value 'woj', returning last frame no. 0…
[2020-11-13]  09:12:01    geolocbot INFO      [TERC] Entry frame not found.
[2020-11-13]  09:12:18    geolocbot INFO      [TERC] Result(s):
     WOJ POW  GMI RODZ           NAZWA              NAZWA_DOD     STAN_NA
10    02  02  NaN  NaN  dzierżoniowski                 powiat  2020-01-01
11    02  02   01    1         Bielawa          gmina miejska  2020-01-01
12    02  02   02    1     Dzierżoniów          gmina miejska  2020-01-01
13    02  02   03    3        Pieszyce  gmina miejsko-wiejska  2020-01-01
14    02  02   03    4        Pieszyce                 miasto  2020-01-01
...   ..  ..  ...  ...             ...                    ...         ...
3969  32  02   05    4        Pełczyce                 miasto  2020-01-01
3970  32  02   05    5        Pełczyce         obszar wiejski  2020-01-01
3971  32  02   06    3            Recz  gmina miejsko-wiejska  2020-01-01
3972  32  02   06    4            Recz                 miasto  2020-01-01
3973  32  02   06    5            Recz         obszar wiejski  2020-01-01

[235 rows x 7 columns]
[2020-11-13]  09:12:36    geolocbot INFO      [TERC] Result(s):
     WOJ POW  GMI  ...     NAZWA                             NAZWA_DOD     STAN_NA
2045  14  65  NaN  ...  Warszawa  miasto stołeczne, na prawach powiatu  2020-01-01

[1 rows x 7 columns]
[2020-11-13]  09:13:00    geolocbot INFO      [TERC] Result(s):
     WOJ POW  GMI  ...     NAZWA                             NAZWA_DOD     STAN_NA
2045  14  65  NaN  ...  Warszawa  miasto stołeczne, na prawach powiatu  2020-01-01

[1 rows x 7 columns]
[2020-11-13]  09:13:00    pywiki    CRITICAL  Exiting due to uncaught exception <class 'AssertionError'>
[2020-11-13]  09:13:22    geolocbot INFO      [TERC] Result(s):
     WOJ POW  GMI  ...     NAZWA                             NAZWA_DOD     STAN_NA
2045  14  65  NaN  ...  Warszawa  miasto stołeczne, na prawach powiatu  2020-01-01

[1 rows x 7 columns]
[2020-11-13]  09:13:25    pywiki    CRITICAL  Exiting due to uncaught exception <class 'AttributeError'>
[2020-11-13]  09:14:45    geolocbot INFO      [TERC] Result(s):
     WOJ POW  GMI  ...     NAZWA                             NAZWA_DOD     STAN_NA
2045  14  65  NaN  ...  Warszawa  miasto stołeczne, na prawach powiatu  2020-01-01

[1 rows x 7 columns]
[2020-11-13]  09:14:50    pywiki    CRITICAL  Exiting due to uncaught exception <class 'KeyError'>
[2020-11-13]  09:25:05    geolocbot INFO      [TERC] Result(s):
     WOJ POW  GMI  ...     NAZWA                             NAZWA_DOD     STAN_NA
2045  14  65  NaN  ...  Warszawa  miasto stołeczne, na prawach powiatu  2020-01-01

[1 rows x 7 columns]
[2020-11-13]  09:25:06    pywiki    CRITICAL  Exiting due to uncaught exception <class 'KeyError'>
[2020-11-13]  09:25:33    geolocbot INFO      [TERC] Result(s):
     WOJ POW  GMI  ...     NAZWA                             NAZWA_DOD     STAN_NA
2045  14  65  NaN  ...  Warszawa  miasto stołeczne, na prawach powiatu  2020-01-01

[1 rows x 7 columns]
[2020-11-13]  09:25:33    pywiki    CRITICAL  Exiting due to uncaught exception <class 'KeyError'>
[2020-11-13]  09:31:36    geolocbot INFO      [TERC] Result(s):
     WOJ POW  GMI  ...     NAZWA                             NAZWA_DOD     STAN_NA
2045  14  65  NaN  ...  Warszawa  miasto stołeczne, na prawach powiatu  2020-01-01

[1 rows x 7 columns]
[2020-11-13]  09:31:36    pywiki    CRITICAL  Exiting due to uncaught exception <class 'TypeError'>
[2020-11-13]  09:33:31    geolocbot INFO      [TERC] Result(s):
     WOJ POW  GMI  ...     NAZWA                             NAZWA_DOD     STAN_NA
2045  14  65  NaN  ...  Warszawa  miasto stołeczne, na prawach powiatu  2020-01-01

[1 rows x 7 columns]
[2020-11-13]  09:33:31    pywiki    CRITICAL  Exiting due to uncaught exception <class 'AttributeError'>
[2020-11-13]  09:33:51    geolocbot INFO      [TERC] Result(s):
     WOJ POW  GMI  ...     NAZWA                             NAZWA_DOD     STAN_NA
2045  14  65  NaN  ...  Warszawa  miasto stołeczne, na prawach powiatu  2020-01-01

[1 rows x 7 columns]
[2020-11-13]  09:33:51    pywiki    CRITICAL  Exiting due to uncaught exception <class 'KeyError'>
[2020-11-13]  09:34:17    geolocbot INFO      [TERC] Result(s):
     WOJ POW  GMI  ...     NAZWA                             NAZWA_DOD     STAN_NA
2045  14  65  NaN  ...  Warszawa  miasto stołeczne, na prawach powiatu  2020-01-01

[1 rows x 7 columns]
[2020-11-13]  09:36:38    geolocbot INFO      [TERC] Result(s):
     WOJ POW  GMI  ...     NAZWA                             NAZWA_DOD     STAN_NA
2045  14  65  NaN  ...  Warszawa  miasto stołeczne, na prawach powiatu  2020-01-01

[1 rows x 7 columns]
[2020-11-13]  09:36:38    pywiki    CRITICAL  Exiting due to uncaught exception <class 'ValueError'>
[2020-11-13]  09:36:49    geolocbot INFO      [TERC] Result(s):
     WOJ POW  GMI  ...     NAZWA                             NAZWA_DOD     STAN_NA
2045  14  65  NaN  ...  Warszawa  miasto stołeczne, na prawach powiatu  2020-01-01

[1 rows x 7 columns]
[2020-11-13]  09:36:49    pywiki    CRITICAL  Exiting due to uncaught exception <class 'TypeError'>
[2020-11-13]  09:38:52    geolocbot INFO      [TERC] Result(s):
     WOJ POW  GMI  ...     NAZWA                             NAZWA_DOD     STAN_NA
2045  14  65  NaN  ...  Warszawa  miasto stołeczne, na prawach powiatu  2020-01-01

[1 rows x 7 columns]
[2020-11-13]  09:38:53    pywiki    CRITICAL  Exiting due to uncaught exception <class 'TypeError'>
[2020-11-13]  09:39:49    geolocbot INFO      [TERC] Result(s):
     WOJ POW  GMI  ...     NAZWA                             NAZWA_DOD     STAN_NA
2045  14  65  NaN  ...  Warszawa  miasto stołeczne, na prawach powiatu  2020-01-01

[1 rows x 7 columns]
[2020-11-13]  09:39:49    pywiki    CRITICAL  Exiting due to uncaught exception <class 'TypeError'>
[2020-11-13]  09:40:27    geolocbot INFO      [TERC] Result(s):
     WOJ POW  GMI  ...     NAZWA                             NAZWA_DOD     STAN_NA
2045  14  65  NaN  ...  Warszawa  miasto stołeczne, na prawach powiatu  2020-01-01

[1 rows x 7 columns]
[2020-11-13]  09:40:27    pywiki    CRITICAL  Exiting due to uncaught exception <class 'TypeError'>
[2020-11-13]  09:41:02    geolocbot INFO      [TERC] Result(s):
     WOJ POW GMI RODZ    NAZWA      NAZWA_DOD     STAN_NA
2858  24  02  01    1  Szczyrk  gmina miejska  2020-01-01
[2020-11-13]  09:41:43    pywiki    CRITICAL  Exiting due to uncaught exception <class 'AttributeError'>
[2020-11-13]  09:42:05    pywiki    CRITICAL  Exiting due to uncaught exception <class 'AttributeError'>
[2020-11-13]  09:42:51    geolocbot INFO      [TERC] Result(s):
     WOJ POW  GMI  ...     NAZWA                             NAZWA_DOD     STAN_NA
2045  14  65  NaN  ...  Warszawa  miasto stołeczne, na prawach powiatu  2020-01-01

[1 rows x 7 columns]
[2020-11-13]  09:42:52    pywiki    CRITICAL  Exiting due to uncaught exception <class 'TypeError'>
[2020-11-13]  09:43:58    geolocbot INFO      [TERC] Result(s):
     WOJ POW  GMI  ...     NAZWA                             NAZWA_DOD     STAN_NA
2045  14  65  NaN  ...  Warszawa  miasto stołeczne, na prawach powiatu  2020-01-01

[1 rows x 7 columns]
[2020-11-13]  09:45:17    geolocbot INFO      [TERC] Result(s):
     WOJ POW  GMI  ...     NAZWA                             NAZWA_DOD     STAN_NA
2045  14  65  NaN  ...  Warszawa  miasto stołeczne, na prawach powiatu  2020-01-01

[1 rows x 7 columns]
[2020-11-13]  09:46:07    geolocbot INFO      [TERC] Result(s):
     WOJ POW  GMI  ...     NAZWA                             NAZWA_DOD     STAN_NA
2045  14  65  NaN  ...  Warszawa  miasto stołeczne, na prawach powiatu  2020-01-01

[1 rows x 7 columns]
[2020-11-13]  09:47:34    geolocbot INFO      [TERC] Result(s):
     WOJ POW  GMI  ...     NAZWA                             NAZWA_DOD     STAN_NA
2045  14  65  NaN  ...  Warszawa  miasto stołeczne, na prawach powiatu  2020-01-01

[1 rows x 7 columns]
[2020-11-13]  09:47:34    pywiki    CRITICAL  Exiting due to uncaught exception <class 'TypeError'>
[2020-11-13]  09:48:19    geolocbot INFO      [TERC] Result(s):
     WOJ POW  GMI  ...     NAZWA                             NAZWA_DOD     STAN_NA
2045  14  65  NaN  ...  Warszawa  miasto stołeczne, na prawach powiatu  2020-01-01

[1 rows x 7 columns]
[2020-11-13]  09:48:20    pywiki    CRITICAL  Exiting due to uncaught exception <class 'TypeError'>
[2020-11-13]  09:51:04    geolocbot INFO      [TERC] Result(s):
     WOJ POW  GMI  ...     NAZWA                             NAZWA_DOD     STAN_NA
2045  14  65  NaN  ...  Warszawa  miasto stołeczne, na prawach powiatu  2020-01-01

[1 rows x 7 columns]
[2020-11-13]  09:51:04    pywiki    CRITICAL  Exiting due to uncaught exception <class 'TypeError'>
[2020-11-13]  09:52:31    geolocbot INFO      [TERC] Result(s):
     WOJ POW  GMI  ...     NAZWA                             NAZWA_DOD     STAN_NA
2045  14  65  NaN  ...  Warszawa  miasto stołeczne, na prawach powiatu  2020-01-01

[1 rows x 7 columns]
[2020-11-13]  09:52:31    pywiki    CRITICAL  Exiting due to uncaught exception <class 'TypeError'>
[2020-11-13]  09:53:04    geolocbot INFO      [TERC] Result(s):
     WOJ POW  GMI  ...     NAZWA                             NAZWA_DOD     STAN_NA
2045  14  65  NaN  ...  Warszawa  miasto stołeczne, na prawach powiatu  2020-01-01

[1 rows x 7 columns]
[2020-11-13]  09:53:18    geolocbot INFO      [TERC] Result(s):
     WOJ POW  GMI  ...     NAZWA                             NAZWA_DOD     STAN_NA
2045  14  65  NaN  ...  Warszawa  miasto stołeczne, na prawach powiatu  2020-01-01

[1 rows x 7 columns]
[2020-11-13]  09:53:18    pywiki    CRITICAL  Exiting due to uncaught exception <class 'TypeError'>
[2020-11-13]  09:54:13    geolocbot INFO      [TERC] Result(s):
     WOJ POW  GMI  ...     NAZWA                             NAZWA_DOD     STAN_NA
2045  14  65  NaN  ...  Warszawa  miasto stołeczne, na prawach powiatu  2020-01-01

[1 rows x 7 columns]
[2020-11-13]  09:54:48    geolocbot INFO      [TERC] Result(s):
     WOJ POW  GMI  ...     NAZWA                             NAZWA_DOD     STAN_NA
2045  14  65  NaN  ...  Warszawa  miasto stołeczne, na prawach powiatu  2020-01-01
2046  14  65   01  ...  Warszawa       gmina miejska, miasto stołeczne  2020-01-01

[2 rows x 7 columns]
[2020-11-13]  09:54:48    pywiki    CRITICAL  Exiting due to uncaught exception <class 'AssertionError'>
[2020-11-13]  10:01:40    geolocbot INFO      [TERC] Result(s):
     WOJ POW  GMI  ...     NAZWA                             NAZWA_DOD     STAN_NA
2045  14  65  NaN  ...  Warszawa  miasto stołeczne, na prawach powiatu  2020-01-01
2046  14  65   01  ...  Warszawa       gmina miejska, miasto stołeczne  2020-01-01

[2 rows x 7 columns]
[2020-11-13]  10:01:40    pywiki    CRITICAL  Exiting due to uncaught exception <class 'geolocbot.searching.ParserError'>
[2020-11-13]  10:05:25    geolocbot INFO      [TERC] Result(s):
     WOJ POW  GMI  ...     NAZWA                             NAZWA_DOD     STAN_NA
2045  14  65  NaN  ...  Warszawa  miasto stołeczne, na prawach powiatu  2020-01-01
2046  14  65   01  ...  Warszawa       gmina miejska, miasto stołeczne  2020-01-01

[2 rows x 7 columns]
[2020-11-13]  10:05:26    pywiki    CRITICAL  Exiting due to uncaught exception <class 'geolocbot.searching.ParserError'>
[2020-11-13]  10:08:29    geolocbot INFO      [TERC] Result(s):
     WOJ POW  GMI  ...     NAZWA                             NAZWA_DOD     STAN_NA
2045  14  65  NaN  ...  Warszawa  miasto stołeczne, na prawach powiatu  2020-01-01
2046  14  65   01  ...  Warszawa       gmina miejska, miasto stołeczne  2020-01-01

[2 rows x 7 columns]
[2020-11-13]  10:08:29    pywiki    CRITICAL  Exiting due to uncaught exception <class 'geolocbot.exceptions.ParserError'>
[2020-11-13]  10:13:02    geolocbot INFO      [TERC] Result(s):
     WOJ POW  GMI  ...     NAZWA                             NAZWA_DOD     STAN_NA
2045  14  65  NaN  ...  Warszawa  miasto stołeczne, na prawach powiatu  2020-01-01
2046  14  65   01  ...  Warszawa       gmina miejska, miasto stołeczne  2020-01-01

[2 rows x 7 columns]
[2020-11-13]  10:13:02    pywiki    CRITICAL  Exiting due to uncaught exception <class 'geolocbot.exceptions.ParserError'>
[2020-11-13]  10:15:53    geolocbot INFO      [TERC] Result(s):
     WOJ POW  GMI  ...     NAZWA                             NAZWA_DOD     STAN_NA
2045  14  65  NaN  ...  Warszawa  miasto stołeczne, na prawach powiatu  2020-01-01
2046  14  65   01  ...  Warszawa       gmina miejska, miasto stołeczne  2020-01-01

[2 rows x 7 columns]
[2020-11-13]  10:15:53    pywiki    CRITICAL  Exiting due to uncaught exception <class 'geolocbot.exceptions.ParserError'>
[2020-11-13]  10:18:15    geolocbot INFO      [TERC] Result(s):
     WOJ POW  GMI  ...     NAZWA                             NAZWA_DOD     STAN_NA
2045  14  65  NaN  ...  Warszawa  miasto stołeczne, na prawach powiatu  2020-01-01
2046  14  65   01  ...  Warszawa       gmina miejska, miasto stołeczne  2020-01-01

[2 rows x 7 columns]
[2020-11-13]  10:18:15    pywiki    CRITICAL  Exiting due to uncaught exception <class 'AttributeError'>
[2020-11-13]  10:18:30    geolocbot INFO      [TERC] Result(s):
     WOJ POW  GMI  ...     NAZWA                             NAZWA_DOD     STAN_NA
2045  14  65  NaN  ...  Warszawa  miasto stołeczne, na prawach powiatu  2020-01-01
2046  14  65   01  ...  Warszawa       gmina miejska, miasto stołeczne  2020-01-01

[2 rows x 7 columns]
[2020-11-13]  10:18:30    pywiki    CRITICAL  Exiting due to uncaught exception <class 'geolocbot.exceptions.ParserError'>
[2020-11-13]  10:18:56    geolocbot INFO      [TERC] Result(s):
     WOJ POW  GMI  ...     NAZWA                             NAZWA_DOD     STAN_NA
2045  14  65  NaN  ...  Warszawa  miasto stołeczne, na prawach powiatu  2020-01-01
2046  14  65   01  ...  Warszawa       gmina miejska, miasto stołeczne  2020-01-01

[2 rows x 7 columns]
[2020-11-13]  10:18:56    pywiki    CRITICAL  Exiting due to uncaught exception <class 'Exception'>
[2020-11-13]  10:19:08    geolocbot INFO      [TERC] Result(s):
     WOJ POW  GMI  ...     NAZWA                             NAZWA_DOD     STAN_NA
2045  14  65  NaN  ...  Warszawa  miasto stołeczne, na prawach powiatu  2020-01-01
2046  14  65   01  ...  Warszawa       gmina miejska, miasto stołeczne  2020-01-01

[2 rows x 7 columns]
[2020-11-13]  10:19:08    pywiki    CRITICAL  Exiting due to uncaught exception <class 'Exception'>
[2020-11-13]  10:19:19    geolocbot INFO      [TERC] Result(s):
     WOJ POW  GMI  ...     NAZWA                             NAZWA_DOD     STAN_NA
2045  14  65  NaN  ...  Warszawa  miasto stołeczne, na prawach powiatu  2020-01-01
2046  14  65   01  ...  Warszawa       gmina miejska, miasto stołeczne  2020-01-01

[2 rows x 7 columns]
[2020-11-13]  10:19:19    pywiki    CRITICAL  Exiting due to uncaught exception <class 'geolocbot.exceptions.ParserError'>
[2020-11-13]  10:19:33    geolocbot INFO      [TERC] Result(s):
     WOJ POW  GMI  ...     NAZWA                             NAZWA_DOD     STAN_NA
2045  14  65  NaN  ...  Warszawa  miasto stołeczne, na prawach powiatu  2020-01-01
2046  14  65   01  ...  Warszawa       gmina miejska, miasto stołeczne  2020-01-01

[2 rows x 7 columns]
[2020-11-13]  10:19:33    pywiki    CRITICAL  Exiting due to uncaught exception <class 'geolocbot.exceptions.ParserError'>
[2020-11-13]  10:26:15    pywiki    CRITICAL  Exiting due to uncaught exception <class 'geolocbot.exceptions.GeolocbotError'>
[2020-11-13]  10:26:34    pywiki    CRITICAL  Exiting due to uncaught exception <class 'geolocbot.exceptions.GeolocbotError'>
[2020-11-13]  10:27:03    pywiki    CRITICAL  Exiting due to uncaught exception <class 'geolocbot.exceptions.GeolocbotError'>
[2020-11-13]  10:31:42    pywiki    CRITICAL  Exiting due to uncaught exception <class 'geolocbot.exceptions.GeolocbotError'>
[2020-11-13]  10:32:29    geolocbot INFO      [TERC] Result(s):
     WOJ POW  GMI  ...     NAZWA                             NAZWA_DOD     STAN_NA
2045  14  65  NaN  ...  Warszawa  miasto stołeczne, na prawach powiatu  2020-01-01
2046  14  65   01  ...  Warszawa       gmina miejska, miasto stołeczne  2020-01-01

[2 rows x 7 columns]
[2020-11-13]  10:32:30    pywiki    CRITICAL  Exiting due to uncaught exception <class 'geolocbot.exceptions.ParserError'>
[2020-11-13]  10:42:48    geolocbot INFO      [TERC] Result(s):
     WOJ POW  GMI  ...     NAZWA                             NAZWA_DOD     STAN_NA
2045  14  65  NaN  ...  Warszawa  miasto stołeczne, na prawach powiatu  2020-01-01
2046  14  65   01  ...  Warszawa       gmina miejska, miasto stołeczne  2020-01-01

[2 rows x 7 columns]
[2020-11-13]  10:42:48    pywiki    CRITICAL  Exiting due to uncaught exception <class 'geolocbot.exceptions.ParserError'>
[2020-11-13]  10:45:18    geolocbot INFO      [TERC] Result(s):
     WOJ POW  GMI  ...     NAZWA                             NAZWA_DOD     STAN_NA
2045  14  65  NaN  ...  Warszawa  miasto stołeczne, na prawach powiatu  2020-01-01
2046  14  65   01  ...  Warszawa       gmina miejska, miasto stołeczne  2020-01-01

[2 rows x 7 columns]
[2020-11-13]  10:45:18    pywiki    CRITICAL  Exiting due to uncaught exception <class 'geolocbot.exceptions.ParserError'>
[2020-11-13]  10:48:23    geolocbot INFO      [TERC] Result(s):
     WOJ POW  GMI  ...     NAZWA                             NAZWA_DOD     STAN_NA
2045  14  65  NaN  ...  Warszawa  miasto stołeczne, na prawach powiatu  2020-01-01
2046  14  65   01  ...  Warszawa       gmina miejska, miasto stołeczne  2020-01-01

[2 rows x 7 columns]
[2020-11-13]  10:48:23    pywiki    CRITICAL  Exiting due to uncaught exception <class 'geolocbot.exceptions.ParserError'>
[2020-11-13]  10:48:59    geolocbot INFO      [TERC] Result(s):
     WOJ POW  GMI  ...     NAZWA                             NAZWA_DOD     STAN_NA
2045  14  65  NaN  ...  Warszawa  miasto stołeczne, na prawach powiatu  2020-01-01
2046  14  65   01  ...  Warszawa       gmina miejska, miasto stołeczne  2020-01-01

[2 rows x 7 columns]
[2020-11-13]  10:48:59    pywiki    CRITICAL  Exiting due to uncaught exception <class 'TypeError'>
[2020-11-13]  10:50:51    geolocbot INFO      [TERC] Result(s):
     WOJ POW  GMI  ...     NAZWA                             NAZWA_DOD     STAN_NA
2045  14  65  NaN  ...  Warszawa  miasto stołeczne, na prawach powiatu  2020-01-01
2046  14  65   01  ...  Warszawa       gmina miejska, miasto stołeczne  2020-01-01

[2 rows x 7 columns]
[2020-11-13]  10:50:51    pywiki    CRITICAL  Exiting due to uncaught exception <class 'geolocbot.exceptions.GeolocbotError'>
[2020-11-13]  10:54:35    geolocbot INFO      [TERC] Result(s):
     WOJ POW  GMI  ...     NAZWA                             NAZWA_DOD     STAN_NA
2045  14  65  NaN  ...  Warszawa  miasto stołeczne, na prawach powiatu  2020-01-01
2046  14  65   01  ...  Warszawa       gmina miejska, miasto stołeczne  2020-01-01

[2 rows x 7 columns]
[2020-11-13]  10:54:35    pywiki    CRITICAL  Exiting due to uncaught exception <class 'geolocbot.exceptions.GeolocbotError'>
[2020-11-13]  10:54:55    geolocbot INFO      [TERC] Result(s):
     WOJ POW  GMI  ...     NAZWA                             NAZWA_DOD     STAN_NA
2045  14  65  NaN  ...  Warszawa  miasto stołeczne, na prawach powiatu  2020-01-01
2046  14  65   01  ...  Warszawa       gmina miejska, miasto stołeczne  2020-01-01

[2 rows x 7 columns]
[2020-11-13]  10:54:55    pywiki    CRITICAL  Exiting due to uncaught exception <class 'geolocbot.exceptions.GeolocbotError'>
[2020-11-13]  10:55:20    geolocbot INFO      [TERC] Result(s):
     WOJ POW  GMI  ...     NAZWA                             NAZWA_DOD     STAN_NA
2045  14  65  NaN  ...  Warszawa  miasto stołeczne, na prawach powiatu  2020-01-01
2046  14  65   01  ...  Warszawa       gmina miejska, miasto stołeczne  2020-01-01

[2 rows x 7 columns]
[2020-11-13]  10:55:20    pywiki    CRITICAL  Exiting due to uncaught exception <class 'geolocbot.exceptions.GeolocbotError'>
[2020-11-13]  10:55:57    geolocbot INFO      [TERC] Result(s):
     WOJ POW  GMI  ...     NAZWA                             NAZWA_DOD     STAN_NA
2045  14  65  NaN  ...  Warszawa  miasto stołeczne, na prawach powiatu  2020-01-01
2046  14  65   01  ...  Warszawa       gmina miejska, miasto stołeczne  2020-01-01

[2 rows x 7 columns]
[2020-11-13]  10:55:58    pywiki    CRITICAL  Exiting due to uncaught exception <class 'TypeError'>
[2020-11-13]  10:56:22    geolocbot INFO      [TERC] Result(s):
     WOJ POW  GMI  ...     NAZWA                             NAZWA_DOD     STAN_NA
2045  14  65  NaN  ...  Warszawa  miasto stołeczne, na prawach powiatu  2020-01-01
2046  14  65   01  ...  Warszawa       gmina miejska, miasto stołeczne  2020-01-01

[2 rows x 7 columns]
[2020-11-13]  10:56:22    pywiki    CRITICAL  Exiting due to uncaught exception <class 'TypeError'>
[2020-11-13]  10:56:36    geolocbot INFO      [TERC] Result(s):
     WOJ POW  GMI  ...     NAZWA                             NAZWA_DOD     STAN_NA
2045  14  65  NaN  ...  Warszawa  miasto stołeczne, na prawach powiatu  2020-01-01
2046  14  65   01  ...  Warszawa       gmina miejska, miasto stołeczne  2020-01-01

[2 rows x 7 columns]
[2020-11-13]  10:56:36    pywiki    CRITICAL  Exiting due to uncaught exception <class 'geolocbot.exceptions.ParserError'>
[2020-11-13]  10:56:50    geolocbot INFO      [TERC] Result(s):
     WOJ POW  GMI  ...     NAZWA                             NAZWA_DOD     STAN_NA
2045  14  65  NaN  ...  Warszawa  miasto stołeczne, na prawach powiatu  2020-01-01
2046  14  65   01  ...  Warszawa       gmina miejska, miasto stołeczne  2020-01-01

[2 rows x 7 columns]
[2020-11-13]  10:56:51    pywiki    CRITICAL  Exiting due to uncaught exception <class 'geolocbot.exceptions.GeolocbotError'>
[2020-11-13]  10:57:24    geolocbot INFO      [TERC] Result(s):
     WOJ POW  GMI  ...     NAZWA                             NAZWA_DOD     STAN_NA
2045  14  65  NaN  ...  Warszawa  miasto stołeczne, na prawach powiatu  2020-01-01
2046  14  65   01  ...  Warszawa       gmina miejska, miasto stołeczne  2020-01-01

[2 rows x 7 columns]
[2020-11-13]  10:57:24    pywiki    CRITICAL  Exiting due to uncaught exception <class 'geolocbot.exceptions.ParserError'>
[2020-11-13]  11:00:36    geolocbot INFO      [TERC] Result(s):
     WOJ POW  GMI  ...     NAZWA                             NAZWA_DOD     STAN_NA
2045  14  65  NaN  ...  Warszawa  miasto stołeczne, na prawach powiatu  2020-01-01
2046  14  65   01  ...  Warszawa       gmina miejska, miasto stołeczne  2020-01-01

[2 rows x 7 columns]
[2020-11-13]  11:00:37    pywiki    CRITICAL  Exiting due to uncaught exception <class 'geolocbot.exceptions.ParserError'>
[2020-11-13]  11:05:17    geolocbot INFO      [TERC] Result(s):
     WOJ POW  GMI  ...     NAZWA                             NAZWA_DOD     STAN_NA
2045  14  65  NaN  ...  Warszawa  miasto stołeczne, na prawach powiatu  2020-01-01
2046  14  65   01  ...  Warszawa       gmina miejska, miasto stołeczne  2020-01-01

[2 rows x 7 columns]
[2020-11-13]  11:05:17    pywiki    CRITICAL  Exiting due to uncaught exception <class 'geolocbot.exceptions.ParserError'>
[2020-11-13]  11:06:59    geolocbot INFO      [TERC] Result(s):
     WOJ POW  GMI  ...     NAZWA                             NAZWA_DOD     STAN_NA
2045  14  65  NaN  ...  Warszawa  miasto stołeczne, na prawach powiatu  2020-01-01
2046  14  65   01  ...  Warszawa       gmina miejska, miasto stołeczne  2020-01-01

[2 rows x 7 columns]
[2020-11-13]  11:06:59    pywiki    CRITICAL  Exiting due to uncaught exception <class 'geolocbot.exceptions.ParserError'>
[2020-11-13]  11:07:20    geolocbot INFO      [TERC] Result(s):
     WOJ POW  GMI  ...     NAZWA                             NAZWA_DOD     STAN_NA
2045  14  65  NaN  ...  Warszawa  miasto stołeczne, na prawach powiatu  2020-01-01
2046  14  65   01  ...  Warszawa       gmina miejska, miasto stołeczne  2020-01-01

[2 rows x 7 columns]
[2020-11-13]  11:07:20    pywiki    CRITICAL  Exiting due to uncaught exception <class 'geolocbot.exceptions.ParserError'>
[2020-11-13]  11:24:17    geolocbot INFO      [TERC] Result(s):
     WOJ POW  GMI  ...     NAZWA                             NAZWA_DOD     STAN_NA
2045  14  65  NaN  ...  Warszawa  miasto stołeczne, na prawach powiatu  2020-01-01
2046  14  65   01  ...  Warszawa       gmina miejska, miasto stołeczne  2020-01-01

[2 rows x 7 columns]
[2020-11-13]  11:24:18    pywiki    CRITICAL  Exiting due to uncaught exception <class 'geolocbot.exceptions.ParserError'>
[2020-11-13]  11:39:55    geolocbot INFO      [TERC] Result(s):
     WOJ POW  GMI  ...     NAZWA                             NAZWA_DOD     STAN_NA
2045  14  65  NaN  ...  Warszawa  miasto stołeczne, na prawach powiatu  2020-01-01
2046  14  65   01  ...  Warszawa       gmina miejska, miasto stołeczne  2020-01-01

[2 rows x 7 columns]
[2020-11-13]  11:39:55    pywiki    CRITICAL  Exiting due to uncaught exception <class 'geolocbot.exceptions.ParserError'>
[2020-11-13]  11:40:27    geolocbot INFO      Could not find value '02' in the TERC field (column: 'GMI', parsed from: 'gmina'), returning last frame no. 0…
[2020-11-13]  11:40:27    geolocbot INFO      [TERC] Entry frame not found.
[2020-11-13]  11:40:27    pywiki    CRITICAL  Exiting due to uncaught exception <class 'ValueError'>
[2020-11-13]  11:40:32    geolocbot INFO      [TERC] Result(s):
     WOJ POW GMI RODZ     NAZWA                        NAZWA_DOD     STAN_NA
2046  14  65  01    1  Warszawa  gmina miejska, miasto stołeczne  2020-01-01
[2020-11-13]  11:40:41    geolocbot INFO      [TERC] Result(s):
     WOJ POW GMI RODZ     NAZWA                        NAZWA_DOD     STAN_NA
2046  14  65  01    1  Warszawa  gmina miejska, miasto stołeczne  2020-01-01
[2020-11-13]  11:47:02    geolocbot INFO      [TERC] Result(s):
     WOJ POW GMI RODZ     NAZWA                        NAZWA_DOD     STAN_NA
2046  14  65  01    1  Warszawa  gmina miejska, miasto stołeczne  2020-01-01
[2020-11-13]  11:47:23    geolocbot INFO      [TERC] Result(s):
     WOJ POW GMI RODZ     NAZWA                        NAZWA_DOD     STAN_NA
2046  14  65  01    1  Warszawa  gmina miejska, miasto stołeczne  2020-01-01
[2020-11-13]  11:47:30    geolocbot INFO      [TERC] Result(s):
     WOJ POW GMI RODZ     NAZWA                        NAZWA_DOD     STAN_NA
2046  14  65  01    1  Warszawa  gmina miejska, miasto stołeczne  2020-01-01
[2020-11-13]  11:48:27    geolocbot INFO      [TERC] Result(s):
     WOJ POW  GMI RODZ     NAZWA                  NAZWA_DOD     STAN_NA
3321  28  04  nan  NaN  elbląski                     powiat  2020-01-01
3322  28  04   01    2    Elbląg              gmina wiejska  2020-01-01
3337  28  05  nan  NaN     ełcki                     powiat  2020-01-01
3338  28  05   01    1       Ełk              gmina miejska  2020-01-01
3339  28  05   02    2       Ełk              gmina wiejska  2020-01-01
3490  28  61  nan  NaN    Elbląg  miasto na prawach powiatu  2020-01-01
3491  28  61   01    1    Elbląg              gmina miejska  2020-01-01
[2020-11-13]  11:59:49    geolocbot INFO      [TERC] Result(s):
     WOJ POW GMI RODZ     NAZWA                        NAZWA_DOD     STAN_NA
2046  14  65  01    1  Warszawa  gmina miejska, miasto stołeczne  2020-01-01
[2020-11-13]  12:00:05    geolocbot INFO      [TERC] Result(s):
     WOJ POW GMI RODZ     NAZWA                        NAZWA_DOD     STAN_NA
2046  14  65  01    1  Warszawa  gmina miejska, miasto stołeczne  2020-01-01
[2020-11-13]  12:05:33    geolocbot INFO      [TERC] Result(s):
     WOJ POW GMI RODZ     NAZWA                        NAZWA_DOD     STAN_NA
2046  14  65  01    1  Warszawa  gmina miejska, miasto stołeczne  2020-01-01
[2020-11-13]  12:45:50    pywiki    CRITICAL  Exiting due to uncaught exception <class 'TypeError'>
[2020-11-13]  12:46:02    pywiki    CRITICAL  Exiting due to uncaught exception <class 'KeyError'>
[2020-11-13]  12:46:50    pywiki    CRITICAL  Exiting due to uncaught exception <class 'TypeError'>
[2020-11-13]  12:49:49    pywiki    CRITICAL  Exiting due to uncaught exception <class 'TypeError'>
[2020-11-13]  13:02:43    pywiki    CRITICAL  Exiting due to uncaught exception <class 'TypeError'>
[2020-11-13]  13:02:57    geolocbot INFO      [TERC] Result(s):
     WOJ POW GMI RODZ     NAZWA                        NAZWA_DOD     STAN_NA
2046  14  65  01    1  Warszawa  gmina miejska, miasto stołeczne  2020-01-01
[2020-11-13]  13:02:58    pywiki    CRITICAL  Exiting due to uncaught exception <class 'AttributeError'>
[2020-11-13]  13:03:00    geolocbot INFO      [TERC] Result(s):
     WOJ POW GMI RODZ     NAZWA                        NAZWA_DOD     STAN_NA
2046  14  65  01    1  Warszawa  gmina miejska, miasto stołeczne  2020-01-01
[2020-11-13]  13:03:00    pywiki    CRITICAL  Exiting due to uncaught exception <class 'AttributeError'>
[2020-11-13]  13:03:45    geolocbot INFO      [TERC] Result(s):
     WOJ POW GMI RODZ     NAZWA                        NAZWA_DOD     STAN_NA
2046  14  65  01    1  Warszawa  gmina miejska, miasto stołeczne  2020-01-01
[2020-11-13]  13:03:46    pywiki    CRITICAL  Exiting due to uncaught exception <class 'ValueError'>
[2020-11-13]  13:04:05    geolocbot INFO      [TERC] Result(s):
     WOJ POW GMI RODZ     NAZWA                        NAZWA_DOD     STAN_NA
2046  14  65  01    1  Warszawa  gmina miejska, miasto stołeczne  2020-01-01
[2020-11-13]  13:04:06    pywiki    CRITICAL  Exiting due to uncaught exception <class 'ValueError'>
[2020-11-13]  13:04:32    geolocbot INFO      [TERC] Result(s):
     WOJ POW GMI RODZ     NAZWA                        NAZWA_DOD     STAN_NA
2046  14  65  01    1  Warszawa  gmina miejska, miasto stołeczne  2020-01-01
[2020-11-13]  13:04:32    pywiki    CRITICAL  Exiting due to uncaught exception <class 'AttributeError'>
[2020-11-13]  13:05:05    geolocbot INFO      [TERC] Result(s):
     WOJ POW GMI RODZ     NAZWA                        NAZWA_DOD     STAN_NA
2046  14  65  01    1  Warszawa  gmina miejska, miasto stołeczne  2020-01-01
[2020-11-13]  13:05:05    pywiki    CRITICAL  Exiting due to uncaught exception <class 'AttributeError'>
[2020-11-13]  13:05:27    geolocbot INFO      [TERC] Result(s):
     WOJ POW GMI RODZ     NAZWA                        NAZWA_DOD     STAN_NA
2046  14  65  01    1  Warszawa  gmina miejska, miasto stołeczne  2020-01-01
[2020-11-13]  13:10:43    geolocbot INFO      [TERC] Result(s):
     WOJ POW GMI RODZ     NAZWA                        NAZWA_DOD     STAN_NA
2046  14  65  01    1  Warszawa  gmina miejska, miasto stołeczne  2020-01-01
[2020-11-13]  13:10:53    geolocbot INFO      [TERC] Result(s):
     WOJ POW GMI RODZ     NAZWA                        NAZWA_DOD     STAN_NA
2046  14  65  01    1  Warszawa  gmina miejska, miasto stołeczne  2020-01-01
[2020-11-13]  13:11:01    geolocbot INFO      [TERC] Result(s):
     WOJ POW  GMI  ...     NAZWA                             NAZWA_DOD     STAN_NA
2045  14  65  NaN  ...  Warszawa  miasto stołeczne, na prawach powiatu  2020-01-01
2046  14  65   01  ...  Warszawa       gmina miejska, miasto stołeczne  2020-01-01

[2 rows x 7 columns]
[2020-11-13]  13:11:16    geolocbot INFO      [TERC] Result(s):
     WOJ POW  GMI  ...     NAZWA                             NAZWA_DOD     STAN_NA
2045  14  65  NaN  ...  Warszawa  miasto stołeczne, na prawach powiatu  2020-01-01
2046  14  65   01  ...  Warszawa       gmina miejska, miasto stołeczne  2020-01-01

[2 rows x 7 columns]
[2020-11-13]  13:12:12    geolocbot INFO      [TERC] Result(s):
     WOJ POW  GMI  ...     NAZWA                             NAZWA_DOD     STAN_NA
2045  14  65  NaN  ...  Warszawa  miasto stołeczne, na prawach powiatu  2020-01-01
2046  14  65   01  ...  Warszawa       gmina miejska, miasto stołeczne  2020-01-01

[2 rows x 7 columns]
[2020-11-13]  13:12:12    pywiki    CRITICAL  Exiting due to uncaught exception <class 'TypeError'>
[2020-11-13]  13:12:24    geolocbot INFO      [TERC] Result(s):
     WOJ POW  GMI  ...     NAZWA                             NAZWA_DOD     STAN_NA
2045  14  65  NaN  ...  Warszawa  miasto stołeczne, na prawach powiatu  2020-01-01
2046  14  65   01  ...  Warszawa       gmina miejska, miasto stołeczne  2020-01-01

[2 rows x 7 columns]
[2020-11-13]  13:13:04    geolocbot INFO      [TERC] Result(s):
     WOJ POW  GMI  ...     NAZWA                             NAZWA_DOD     STAN_NA
2045  14  65  NaN  ...  Warszawa  miasto stołeczne, na prawach powiatu  2020-01-01
2046  14  65   01  ...  Warszawa       gmina miejska, miasto stołeczne  2020-01-01

[2 rows x 7 columns]
[2020-11-13]  13:13:11    geolocbot INFO      [TERC] Result(s):
     WOJ POW  GMI  ...     NAZWA                             NAZWA_DOD     STAN_NA
2045  14  65  NaN  ...  Warszawa  miasto stołeczne, na prawach powiatu  2020-01-01
2046  14  65   01  ...  Warszawa       gmina miejska, miasto stołeczne  2020-01-01

[2 rows x 7 columns]
[2020-11-13]  13:13:17    geolocbot INFO      [TERC] Result(s):
     WOJ POW  GMI  ...     NAZWA                             NAZWA_DOD     STAN_NA
2045  14  65  NaN  ...  Warszawa  miasto stołeczne, na prawach powiatu  2020-01-01
2046  14  65   01  ...  Warszawa       gmina miejska, miasto stołeczne  2020-01-01

[2 rows x 7 columns]
[2020-11-13]  13:14:05    geolocbot INFO      [TERC] Result(s):
     WOJ POW  GMI  ...     NAZWA                             NAZWA_DOD     STAN_NA
2045  14  65  NaN  ...  Warszawa  miasto stołeczne, na prawach powiatu  2020-01-01
2046  14  65   01  ...  Warszawa       gmina miejska, miasto stołeczne  2020-01-01

[2 rows x 7 columns]
[2020-11-13]  13:14:05    pywiki    CRITICAL  Exiting due to uncaught exception <class 'TypeError'>
[2020-11-13]  13:14:22    geolocbot INFO      [TERC] Result(s):
     WOJ POW  GMI  ...     NAZWA                             NAZWA_DOD     STAN_NA
2045  14  65  NaN  ...  Warszawa  miasto stołeczne, na prawach powiatu  2020-01-01
2046  14  65   01  ...  Warszawa       gmina miejska, miasto stołeczne  2020-01-01

[2 rows x 7 columns]
[2020-11-13]  13:14:22    pywiki    CRITICAL  Exiting due to uncaught exception <class 'TypeError'>
[2020-11-13]  13:14:27    geolocbot INFO      [TERC] Result(s):
     WOJ POW  GMI  ...     NAZWA                             NAZWA_DOD     STAN_NA
2045  14  65  NaN  ...  Warszawa  miasto stołeczne, na prawach powiatu  2020-01-01
2046  14  65   01  ...  Warszawa       gmina miejska, miasto stołeczne  2020-01-01

[2 rows x 7 columns]
[2020-11-13]  13:14:27    pywiki    CRITICAL  Exiting due to uncaught exception <class 'TypeError'>
[2020-11-13]  13:15:28    geolocbot INFO      [TERC] Result(s):
     WOJ POW  GMI  ...     NAZWA                             NAZWA_DOD     STAN_NA
2045  14  65  NaN  ...  Warszawa  miasto stołeczne, na prawach powiatu  2020-01-01
2046  14  65   01  ...  Warszawa       gmina miejska, miasto stołeczne  2020-01-01

[2 rows x 7 columns]
[2020-11-13]  13:15:28    pywiki    CRITICAL  Exiting due to uncaught exception <class 'TypeError'>
[2020-11-13]  13:15:48    geolocbot INFO      [TERC] Result(s):
     WOJ POW  GMI  ...     NAZWA                             NAZWA_DOD     STAN_NA
2045  14  65  NaN  ...  Warszawa  miasto stołeczne, na prawach powiatu  2020-01-01
2046  14  65   01  ...  Warszawa       gmina miejska, miasto stołeczne  2020-01-01

[2 rows x 7 columns]
[2020-11-13]  13:15:48    pywiki    CRITICAL  Exiting due to uncaught exception <class 'TypeError'>
[2020-11-13]  13:16:02    geolocbot INFO      [TERC] Result(s):
     WOJ POW  GMI  ...     NAZWA                             NAZWA_DOD     STAN_NA
2045  14  65  NaN  ...  Warszawa  miasto stołeczne, na prawach powiatu  2020-01-01
2046  14  65   01  ...  Warszawa       gmina miejska, miasto stołeczne  2020-01-01

[2 rows x 7 columns]
[2020-11-13]  13:17:22    geolocbot INFO      [TERC] Result(s):
     WOJ POW  GMI  ...     NAZWA                             NAZWA_DOD     STAN_NA
2045  14  65  NaN  ...  Warszawa  miasto stołeczne, na prawach powiatu  2020-01-01
2046  14  65   01  ...  Warszawa       gmina miejska, miasto stołeczne  2020-01-01

[2 rows x 7 columns]
[2020-11-13]  13:17:23    pywiki    CRITICAL  Exiting due to uncaught exception <class 'ValueError'>
[2020-11-13]  13:19:50    geolocbot INFO      [TERC] Result(s):
     WOJ POW  GMI  ...     NAZWA                             NAZWA_DOD     STAN_NA
2045  14  65  NaN  ...  Warszawa  miasto stołeczne, na prawach powiatu  2020-01-01
2046  14  65   01  ...  Warszawa       gmina miejska, miasto stołeczne  2020-01-01

[2 rows x 7 columns]
[2020-11-13]  13:19:50    pywiki    CRITICAL  Exiting due to uncaught exception <class 'ValueError'>
[2020-11-13]  13:19:57    geolocbot INFO      [TERC] Result(s):
     WOJ POW  GMI  ...     NAZWA                             NAZWA_DOD     STAN_NA
2045  14  65  NaN  ...  Warszawa  miasto stołeczne, na prawach powiatu  2020-01-01
2046  14  65   01  ...  Warszawa       gmina miejska, miasto stołeczne  2020-01-01

[2 rows x 7 columns]
[2020-11-13]  13:21:36    geolocbot INFO      [TERC] Result(s):
     WOJ POW  GMI  ...     NAZWA                             NAZWA_DOD     STAN_NA
2045  14  65  NaN  ...  Warszawa  miasto stołeczne, na prawach powiatu  2020-01-01
2046  14  65   01  ...  Warszawa       gmina miejska, miasto stołeczne  2020-01-01

[2 rows x 7 columns]
[2020-11-13]  13:22:07    geolocbot INFO      [TERC] Result(s):
     WOJ POW  GMI  ...     NAZWA                             NAZWA_DOD     STAN_NA
2045  14  65  NaN  ...  Warszawa  miasto stołeczne, na prawach powiatu  2020-01-01
2046  14  65   01  ...  Warszawa       gmina miejska, miasto stołeczne  2020-01-01

[2 rows x 7 columns]
[2020-11-13]  13:22:29    geolocbot INFO      [TERC] Result(s):
     WOJ POW  GMI  ...     NAZWA                             NAZWA_DOD     STAN_NA
2045  14  65  NaN  ...  Warszawa  miasto stołeczne, na prawach powiatu  2020-01-01
2046  14  65   01  ...  Warszawa       gmina miejska, miasto stołeczne  2020-01-01

[2 rows x 7 columns]
[2020-11-13]  13:23:45    geolocbot INFO      [TERC] Result(s):
     WOJ POW  GMI  ...     NAZWA                             NAZWA_DOD     STAN_NA
2045  14  65  NaN  ...  Warszawa  miasto stołeczne, na prawach powiatu  2020-01-01
2046  14  65   01  ...  Warszawa       gmina miejska, miasto stołeczne  2020-01-01

[2 rows x 7 columns]
[2020-11-13]  13:24:23    geolocbot INFO      [TERC] Result(s):
     WOJ POW  GMI  ...     NAZWA                             NAZWA_DOD     STAN_NA
2045  14  65  NaN  ...  Warszawa  miasto stołeczne, na prawach powiatu  2020-01-01
2046  14  65   01  ...  Warszawa       gmina miejska, miasto stołeczne  2020-01-01

[2 rows x 7 columns]
[2020-11-13]  13:24:23    geolocbot INFO      [TERC] Result(s):
     WOJ POW  GMI  ...     NAZWA                             NAZWA_DOD     STAN_NA
2045  14  65  NaN  ...  Warszawa  miasto stołeczne, na prawach powiatu  2020-01-01
2046  14  65   01  ...  Warszawa       gmina miejska, miasto stołeczne  2020-01-01

[2 rows x 7 columns]
[2020-11-13]  13:25:56    geolocbot INFO      [TERC] Result(s):
     WOJ POW  GMI  ...     NAZWA                             NAZWA_DOD     STAN_NA
2045  14  65  NaN  ...  Warszawa  miasto stołeczne, na prawach powiatu  2020-01-01
2046  14  65   01  ...  Warszawa       gmina miejska, miasto stołeczne  2020-01-01

[2 rows x 7 columns]
[2020-11-13]  13:26:21    geolocbot INFO      [TERC] Result(s):
     WOJ POW  GMI  ...     NAZWA                             NAZWA_DOD     STAN_NA
2045  14  65  NaN  ...  Warszawa  miasto stołeczne, na prawach powiatu  2020-01-01
2046  14  65   01  ...  Warszawa       gmina miejska, miasto stołeczne  2020-01-01

[2 rows x 7 columns]
[2020-11-13]  13:26:21    pywiki    CRITICAL  Exiting due to uncaught exception <class 'AttributeError'>
[2020-11-13]  13:29:45    geolocbot INFO      [TERC] Result(s):
     WOJ POW  GMI  ...     NAZWA                             NAZWA_DOD     STAN_NA
2045  14  65  NaN  ...  Warszawa  miasto stołeczne, na prawach powiatu  2020-01-01
2046  14  65   01  ...  Warszawa       gmina miejska, miasto stołeczne  2020-01-01

[2 rows x 7 columns]
[2020-11-13]  13:30:06    geolocbot INFO      [TERC] Result(s):
     WOJ POW  GMI  ...     NAZWA                             NAZWA_DOD     STAN_NA
2045  14  65  NaN  ...  Warszawa  miasto stołeczne, na prawach powiatu  2020-01-01
2046  14  65   01  ...  Warszawa       gmina miejska, miasto stołeczne  2020-01-01

[2 rows x 7 columns]
[2020-11-13]  13:31:05    geolocbot INFO      [TERC] Result(s):
     WOJ POW  GMI  ...     NAZWA                             NAZWA_DOD     STAN_NA
2045  14  65  NaN  ...  Warszawa  miasto stołeczne, na prawach powiatu  2020-01-01
2046  14  65   01  ...  Warszawa       gmina miejska, miasto stołeczne  2020-01-01

[2 rows x 7 columns]
[2020-11-13]  13:31:51    geolocbot INFO      [TERC] Result(s):
     WOJ POW  GMI  ...     NAZWA                             NAZWA_DOD     STAN_NA
2045  14  65  NaN  ...  Warszawa  miasto stołeczne, na prawach powiatu  2020-01-01
2046  14  65   01  ...  Warszawa       gmina miejska, miasto stołeczne  2020-01-01

[2 rows x 7 columns]
[2020-11-13]  13:34:45    geolocbot INFO      [TERC] Result(s):
     WOJ POW  GMI  ...     NAZWA                             NAZWA_DOD     STAN_NA
2045  14  65  NaN  ...  Warszawa  miasto stołeczne, na prawach powiatu  2020-01-01
2046  14  65   01  ...  Warszawa       gmina miejska, miasto stołeczne  2020-01-01

[2 rows x 7 columns]
[2020-11-13]  13:56:37    geolocbot INFO      [TERC] Result(s):
     WOJ POW  GMI  ...     NAZWA                             NAZWA_DOD     STAN_NA
2045  14  65  NaN  ...  Warszawa  miasto stołeczne, na prawach powiatu  2020-01-01
2046  14  65   01  ...  Warszawa       gmina miejska, miasto stołeczne  2020-01-01

[2 rows x 7 columns]
[2020-11-13]  13:56:45    geolocbot INFO      [TERC] Result(s):
     WOJ POW  GMI  ...     NAZWA                             NAZWA_DOD     STAN_NA
2045  14  65  NaN  ...  Warszawa  miasto stołeczne, na prawach powiatu  2020-01-01
2046  14  65   01  ...  Warszawa       gmina miejska, miasto stołeczne  2020-01-01

[2 rows x 7 columns]
[2020-11-13]  13:57:10    geolocbot INFO      [TERC] Result(s):
     WOJ POW  GMI  ...     NAZWA                             NAZWA_DOD     STAN_NA
2045  14  65  NaN  ...  Warszawa  miasto stołeczne, na prawach powiatu  2020-01-01
2046  14  65   01  ...  Warszawa       gmina miejska, miasto stołeczne  2020-01-01

[2 rows x 7 columns]
[2020-11-13]  13:57:10    pywiki    CRITICAL  Exiting due to uncaught exception <class 'geolocbot.exceptions.ParserError'>
[2020-11-13]  14:00:39    geolocbot INFO      [TERC] Result(s):
     WOJ POW  GMI  ...     NAZWA                             NAZWA_DOD     STAN_NA
2045  14  65  NaN  ...  Warszawa  miasto stołeczne, na prawach powiatu  2020-01-01
2046  14  65   01  ...  Warszawa       gmina miejska, miasto stołeczne  2020-01-01

[2 rows x 7 columns]
[2020-11-13]  14:00:39    pywiki    CRITICAL  Exiting due to uncaught exception <class 'geolocbot.exceptions.ParserError'>
[2020-11-13]  14:01:19    geolocbot INFO      [TERC] Result(s):
     WOJ POW  GMI  ...     NAZWA                             NAZWA_DOD     STAN_NA
2045  14  65  NaN  ...  Warszawa  miasto stołeczne, na prawach powiatu  2020-01-01
2046  14  65   01  ...  Warszawa       gmina miejska, miasto stołeczne  2020-01-01

[2 rows x 7 columns]
[2020-11-13]  14:01:19    pywiki    CRITICAL  Exiting due to uncaught exception <class 'geolocbot.exceptions.ParserError'>
[2020-11-13]  14:03:37    geolocbot INFO      [TERC] Result(s):
     WOJ POW  GMI  ...     NAZWA                             NAZWA_DOD     STAN_NA
2045  14  65  NaN  ...  Warszawa  miasto stołeczne, na prawach powiatu  2020-01-01
2046  14  65   01  ...  Warszawa       gmina miejska, miasto stołeczne  2020-01-01

[2 rows x 7 columns]
[2020-11-13]  14:03:37    pywiki    CRITICAL  Exiting due to uncaught exception <class 'geolocbot.exceptions.ParserError'>
[2020-11-13]  14:05:58    geolocbot INFO      [TERC] Result(s):
     WOJ POW  GMI  ...     NAZWA                             NAZWA_DOD     STAN_NA
2045  14  65  NaN  ...  Warszawa  miasto stołeczne, na prawach powiatu  2020-01-01
2046  14  65   01  ...  Warszawa       gmina miejska, miasto stołeczne  2020-01-01

[2 rows x 7 columns]
[2020-11-13]  14:05:58    pywiki    CRITICAL  Exiting due to uncaught exception <class 'geolocbot.exceptions.ParserError'>
[2020-11-13]  14:06:30    geolocbot INFO      [TERC] Result(s):
     WOJ POW  GMI  ...     NAZWA                             NAZWA_DOD     STAN_NA
2045  14  65  NaN  ...  Warszawa  miasto stołeczne, na prawach powiatu  2020-01-01
2046  14  65   01  ...  Warszawa       gmina miejska, miasto stołeczne  2020-01-01

[2 rows x 7 columns]
[2020-11-13]  14:06:30    pywiki    CRITICAL  Exiting due to uncaught exception <class 'geolocbot.exceptions.ParserError'>
[2020-11-13]  14:07:10    geolocbot INFO      [TERC] Result(s):
     WOJ POW  GMI  ...     NAZWA                             NAZWA_DOD     STAN_NA
2045  14  65  NaN  ...  Warszawa  miasto stołeczne, na prawach powiatu  2020-01-01
2046  14  65   01  ...  Warszawa       gmina miejska, miasto stołeczne  2020-01-01

[2 rows x 7 columns]
[2020-11-13]  14:07:10    pywiki    CRITICAL  Exiting due to uncaught exception <class 'geolocbot.exceptions.ParserError'>
[2020-11-13]  14:07:31    geolocbot INFO      [TERC] Result(s):
     WOJ POW  GMI  ...     NAZWA                             NAZWA_DOD     STAN_NA
2045  14  65  NaN  ...  Warszawa  miasto stołeczne, na prawach powiatu  2020-01-01
2046  14  65   01  ...  Warszawa       gmina miejska, miasto stołeczne  2020-01-01

[2 rows x 7 columns]
[2020-11-13]  14:07:31    pywiki    CRITICAL  Exiting due to uncaught exception <class 'geolocbot.exceptions.ParserError'>
[2020-11-13]  14:08:25    geolocbot INFO      [TERC] Result(s):
     WOJ POW  GMI  ...     NAZWA                             NAZWA_DOD     STAN_NA
2045  14  65  NaN  ...  Warszawa  miasto stołeczne, na prawach powiatu  2020-01-01
2046  14  65   01  ...  Warszawa       gmina miejska, miasto stołeczne  2020-01-01

[2 rows x 7 columns]
[2020-11-13]  14:08:25    pywiki    CRITICAL  Exiting due to uncaught exception <class 'geolocbot.exceptions.ParserError'>
[2020-11-13]  14:08:40    geolocbot INFO      [TERC] Result(s):
     WOJ POW  GMI  ...     NAZWA                             NAZWA_DOD     STAN_NA
2045  14  65  NaN  ...  Warszawa  miasto stołeczne, na prawach powiatu  2020-01-01
2046  14  65   01  ...  Warszawa       gmina miejska, miasto stołeczne  2020-01-01

[2 rows x 7 columns]
[2020-11-13]  14:08:40    pywiki    CRITICAL  Exiting due to uncaught exception <class 'geolocbot.exceptions.ParserError'>
[2020-11-13]  14:08:57    geolocbot INFO      [TERC] Result(s):
     WOJ POW  GMI  ...     NAZWA                             NAZWA_DOD     STAN_NA
2045  14  65  NaN  ...  Warszawa  miasto stołeczne, na prawach powiatu  2020-01-01
2046  14  65   01  ...  Warszawa       gmina miejska, miasto stołeczne  2020-01-01

[2 rows x 7 columns]
[2020-11-13]  14:08:57    pywiki    CRITICAL  Exiting due to uncaught exception <class 'geolocbot.exceptions.ParserError'>
[2020-11-13]  14:09:09    geolocbot INFO      [TERC] Result(s):
     WOJ POW  GMI  ...     NAZWA                             NAZWA_DOD     STAN_NA
2045  14  65  NaN  ...  Warszawa  miasto stołeczne, na prawach powiatu  2020-01-01
2046  14  65   01  ...  Warszawa       gmina miejska, miasto stołeczne  2020-01-01

[2 rows x 7 columns]
[2020-11-13]  14:09:09    pywiki    CRITICAL  Exiting due to uncaught exception <class 'geolocbot.exceptions.ParserError'>
[2020-11-13]  14:14:36    geolocbot INFO      [TERC] Result(s):
     WOJ POW  GMI  ...     NAZWA                             NAZWA_DOD     STAN_NA
2045  14  65  NaN  ...  Warszawa  miasto stołeczne, na prawach powiatu  2020-01-01
2046  14  65   01  ...  Warszawa       gmina miejska, miasto stołeczne  2020-01-01

[2 rows x 7 columns]
[2020-11-13]  14:14:36    pywiki    CRITICAL  Exiting due to uncaught exception <class 'geolocbot.exceptions.ParserError'>
[2020-11-13]  14:15:11    geolocbot INFO      [TERC] Result(s):
     WOJ POW  GMI  ...     NAZWA                             NAZWA_DOD     STAN_NA
2045  14  65  NaN  ...  Warszawa  miasto stołeczne, na prawach powiatu  2020-01-01
2046  14  65   01  ...  Warszawa       gmina miejska, miasto stołeczne  2020-01-01

[2 rows x 7 columns]
[2020-11-13]  14:15:11    pywiki    CRITICAL  Exiting due to uncaught exception <class 'geolocbot.exceptions.ParserError'>
[2020-11-13]  14:16:22    pywiki    CRITICAL  Exiting due to uncaught exception <class 'TypeError'>
[2020-11-13]  14:17:23    pywiki    CRITICAL  Exiting due to uncaught exception <class 'geolocbot.exceptions.GeolocbotError'>
[2020-11-13]  14:20:52    pywiki    CRITICAL  Exiting due to uncaught exception <class 'TypeError'>
[2020-11-13]  14:23:23    pywiki    CRITICAL  Exiting due to uncaught exception <class 'TypeError'>
[2020-11-13]  14:23:46    pywiki    CRITICAL  Exiting due to uncaught exception <class 'TypeError'>
[2020-11-13]  14:26:33    geolocbot INFO      [TERC] Entry frame not found.
[2020-11-13]  14:26:33    pywiki    CRITICAL  Exiting due to uncaught exception <class 'ValueError'>
[2020-11-13]  14:27:05    geolocbot INFO      [TERC] Entry frame not found.
[2020-11-13]  14:27:18    pywiki    CRITICAL  Exiting due to uncaught exception <class 'TypeError'>
[2020-11-13]  14:29:47    pywiki    CRITICAL  Exiting due to uncaught exception <class 'TypeError'>
[2020-11-13]  14:29:59    pywiki    CRITICAL  Exiting due to uncaught exception <class 'TypeError'>
[2020-11-13]  14:31:39    pywiki    CRITICAL  Exiting due to uncaught exception <class 'TypeError'>
[2020-11-13]  14:33:35    pywiki    CRITICAL  Exiting due to uncaught exception <class 'TypeError'>
[2020-11-13]  14:33:51    pywiki    CRITICAL  Exiting due to uncaught exception <class 'TypeError'>
[2020-11-13]  14:34:09    pywiki    CRITICAL  Exiting due to uncaught exception <class 'KeyError'>
[2020-11-13]  14:34:57    pywiki    CRITICAL  Exiting due to uncaught exception <class 'ValueError'>
[2020-11-13]  14:36:39    pywiki    CRITICAL  Exiting due to uncaught exception <class 'TypeError'>
[2020-11-13]  14:36:51    pywiki    CRITICAL  Exiting due to uncaught exception <class 'ValueError'>
[2020-11-13]  14:37:02    geolocbot INFO      [TERC] Entry frame not found.
[2020-11-13]  14:37:19    geolocbot INFO      [TERC] Entry frame not found.
[2020-11-13]  14:37:19    pywiki    CRITICAL  Exiting due to uncaught exception <class 'TypeError'>
[2020-11-13]  14:37:29    geolocbot INFO      [TERC] Entry frame not found.
[2020-11-13]  14:37:29    pywiki    CRITICAL  Exiting due to uncaught exception <class 'TypeError'>
[2020-11-13]  14:53:46    geolocbot INFO      [TERC] Entry frame not found.
[2020-11-13]  14:53:46    pywiki    CRITICAL  Exiting due to uncaught exception <class 'TypeError'>
[2020-11-14]  08:06:20    pywiki    CRITICAL  Exiting due to uncaught exception <class 'AttributeError'>
[2020-11-14]  08:07:16    pywiki    CRITICAL  Exiting due to uncaught exception <class 'TypeError'>
[2020-11-14]  08:08:24    pywiki    CRITICAL  Exiting due to uncaught exception <class 'geolocbot.exceptions.GeolocbotError'>
[2020-11-14]  08:08:53    geolocbot INFO      [TERC] Result(s):
     WOJ POW  GMI RODZ                 NAZWA              NAZWA_DOD     STAN_NA
318   04  01  NaN  NaN        aleksandrowski                 powiat  2020-01-01
319   04  01   01    1  Aleksandrów Kujawski          gmina miejska  2020-01-01
322   04  01   04    2  Aleksandrów Kujawski          gmina wiejska  2020-01-01
578   06  02   02    2           Aleksandrów          gmina wiejska  2020-01-01
651   06  07   02    3               Annopol  gmina miejsko-wiejska  2020-01-01
652   06  07   02    4               Annopol                 miasto  2020-01-01
653   06  07   02    5               Annopol         obszar wiejski  2020-01-01
666   06  08   02    2               Abramów          gmina wiejska  2020-01-01
715   06  11   03    2                Adamów          gmina wiejska  2020-01-01
820   06  20   01    2                Adamów          gmina wiejska  2020-01-01
1073  10  06   02    2             Andrespol          gmina wiejska  2020-01-01
1120  10  10   01    2           Aleksandrów          gmina wiejska  2020-01-01
1250  10  20   04    3    Aleksandrów Łódzki  gmina miejsko-wiejska  2020-01-01
1251  10  20   04    4    Aleksandrów Łódzki                 miasto  2020-01-01
1252  10  20   04    5    Aleksandrów Łódzki         obszar wiejski  2020-01-01
1303  12  03   01    3              Alwernia  gmina miejsko-wiejska  2020-01-01
1304  12  03   01    4              Alwernia                 miasto  2020-01-01
1305  12  03   01    5              Alwernia         obszar wiejski  2020-01-01
1546  12  18   01    3             Andrychów  gmina miejsko-wiejska  2020-01-01
1547  12  18   01    4             Andrychów                 miasto  2020-01-01
1548  12  18   01    5             Andrychów         obszar wiejski  2020-01-01
1768  14  16   02    2            Andrzejewo          gmina wiejska  2020-01-01
2371  18  14   02    2              Adamówka          gmina wiejska  2020-01-01
2472  20  01  NaN  NaN           augustowski                 powiat  2020-01-01
2473  20  01   01    1              Augustów          gmina miejska  2020-01-01
2474  20  01   02    2              Augustów          gmina wiejska  2020-01-01
[2020-11-14]  08:10:48    pywiki    CRITICAL  Exiting due to uncaught exception <class 'TypeError'>
[2020-11-14]  08:11:29    geolocbot INFO      [TERC] Result(s):
     WOJ POW  GMI  ...     NAZWA                             NAZWA_DOD     STAN_NA
2045  14  65  NaN  ...  Warszawa  miasto stołeczne, na prawach powiatu  2020-01-01

[1 rows x 7 columns]
[2020-11-14]  08:11:29    pywiki    CRITICAL  Exiting due to uncaught exception <class 'TypeError'>
[2020-11-14]  08:12:31    geolocbot INFO      [TERC] Result(s):
     WOJ POW  GMI  ...     NAZWA                             NAZWA_DOD     STAN_NA
2045  14  65  NaN  ...  Warszawa  miasto stołeczne, na prawach powiatu  2020-01-01

[1 rows x 7 columns]
[2020-11-14]  08:26:05    pywiki    CRITICAL  Exiting due to uncaught exception <class 'TypeError'>
[2020-11-14]  08:26:15    geolocbot INFO      [TERC] Result(s):
     WOJ POW  GMI  ...     NAZWA                             NAZWA_DOD     STAN_NA
2045  14  65  NaN  ...  Warszawa  miasto stołeczne, na prawach powiatu  2020-01-01

[1 rows x 7 columns]
[2020-11-14]  08:26:15    pywiki    CRITICAL  Exiting due to uncaught exception <class 'TypeError'>
[2020-11-14]  08:26:39    geolocbot INFO      [TERC] Result(s):
     WOJ POW  GMI  ...     NAZWA                             NAZWA_DOD     STAN_NA
2045  14  65  NaN  ...  Warszawa  miasto stołeczne, na prawach powiatu  2020-01-01

[1 rows x 7 columns]
[2020-11-14]  08:26:48    geolocbot INFO      [TERC] Result(s):
     WOJ POW  GMI  ...     NAZWA                             NAZWA_DOD     STAN_NA
2045  14  65  NaN  ...  Warszawa  miasto stołeczne, na prawach powiatu  2020-01-01

[1 rows x 7 columns]
[2020-11-14]  08:27:01    geolocbot INFO      [TERC] Result(s):
     WOJ POW  GMI  ...     NAZWA                             NAZWA_DOD     STAN_NA
2045  14  65  NaN  ...  Warszawa  miasto stołeczne, na prawach powiatu  2020-01-01

[1 rows x 7 columns]
[2020-11-14]  08:27:13    geolocbot INFO      [TERC] Result(s):
     WOJ POW  GMI  ...     NAZWA                             NAZWA_DOD     STAN_NA
2045  14  65  NaN  ...  Warszawa  miasto stołeczne, na prawach powiatu  2020-01-01

[1 rows x 7 columns]
[2020-11-14]  08:29:48    geolocbot INFO      [TERC] Result(s):
     WOJ POW  GMI  ...     NAZWA                             NAZWA_DOD     STAN_NA
2045  14  65  NaN  ...  Warszawa  miasto stołeczne, na prawach powiatu  2020-01-01

[1 rows x 7 columns]
[2020-11-14]  08:30:00    geolocbot INFO      [TERC] Result(s):
     WOJ POW  GMI  ...     NAZWA                             NAZWA_DOD     STAN_NA
2045  14  65  NaN  ...  Warszawa  miasto stołeczne, na prawach powiatu  2020-01-01

[1 rows x 7 columns]
[2020-11-14]  08:30:00    pywiki    CRITICAL  Exiting due to uncaught exception <class 'TypeError'>
[2020-11-14]  08:30:06    geolocbot INFO      [TERC] Result(s):
     WOJ POW  GMI  ...     NAZWA                             NAZWA_DOD     STAN_NA
2045  14  65  NaN  ...  Warszawa  miasto stołeczne, na prawach powiatu  2020-01-01

[1 rows x 7 columns]
[2020-11-14]  08:30:23    geolocbot INFO      [TERC] Result(s):
     WOJ POW  GMI  ...     NAZWA                             NAZWA_DOD     STAN_NA
2045  14  65  NaN  ...  Warszawa  miasto stołeczne, na prawach powiatu  2020-01-01

[1 rows x 7 columns]
[2020-11-14]  08:30:35    geolocbot INFO      [TERC] Result(s):
     WOJ POW  GMI  ...     NAZWA                             NAZWA_DOD     STAN_NA
2045  14  65  NaN  ...  Warszawa  miasto stołeczne, na prawach powiatu  2020-01-01

[1 rows x 7 columns]
[2020-11-14]  08:30:57    geolocbot INFO      [TERC] Result(s):
     WOJ POW  GMI  ...     NAZWA                             NAZWA_DOD     STAN_NA
2045  14  65  NaN  ...  Warszawa  miasto stołeczne, na prawach powiatu  2020-01-01

[1 rows x 7 columns]
[2020-11-14]  08:31:29    geolocbot INFO      No string in the TERC field (column: 'STAN_NA', parsed from: 'date') represents value '2020-01-01', returning last frame no. 0…
[2020-11-14]  08:31:29    geolocbot INFO      [TERC] Entry frame not found.
[2020-11-14]  08:31:48    pywiki    CRITICAL  Exiting due to uncaught exception <class 'AttributeError'>
[2020-11-14]  08:33:40    pywiki    CRITICAL  Exiting due to uncaught exception <class 'geolocbot.exceptions.GeolocbotError'>
[2020-11-14]  08:34:33    pywiki    CRITICAL  Exiting due to uncaught exception <class 'AttributeError'>
[2020-11-14]  08:35:06    pywiki    CRITICAL  Exiting due to uncaught exception <class 'AttributeError'>
[2020-11-14]  08:35:30    pywiki    CRITICAL  Exiting due to uncaught exception <class 'TypeError'>
[2020-11-14]  08:36:17    pywiki    CRITICAL  Exiting due to uncaught exception <class 'TypeError'>
[2020-11-14]  08:37:40    pywiki    CRITICAL  Exiting due to uncaught exception <class 'TypeError'>
[2020-11-14]  08:38:01    pywiki    CRITICAL  Exiting due to uncaught exception <class 'AttributeError'>
[2020-11-14]  08:45:19    pywiki    CRITICAL  Exiting due to uncaught exception <class 'TypeError'>
[2020-11-14]  08:46:09    pywiki    CRITICAL  Exiting due to uncaught exception <class 'TypeError'>
[2020-11-14]  08:50:34    pywiki    CRITICAL  Exiting due to uncaught exception <class 'TypeError'>
[2020-11-14]  08:51:22    pywiki    CRITICAL  Exiting due to uncaught exception <class 'TypeError'>
[2020-11-14]  08:51:36    pywiki    CRITICAL  Exiting due to uncaught exception <class 'TypeError'>
[2020-11-14]  08:52:00    pywiki    CRITICAL  Exiting due to uncaught exception <class 'KeyError'>
[2020-11-14]  08:52:59    pywiki    CRITICAL  Exiting due to uncaught exception <class 'KeyError'>
[2020-11-14]  08:53:30    pywiki    CRITICAL  Exiting due to uncaught exception <class 'KeyError'>
[2020-11-14]  09:00:50    pywiki    CRITICAL  Exiting due to uncaught exception <class 'KeyError'>
[2020-11-14]  09:01:24    pywiki    CRITICAL  Exiting due to uncaught exception <class 'geolocbot.exceptions.GeolocbotError'>
[2020-11-14]  09:01:49    pywiki    CRITICAL  Exiting due to uncaught exception <class 'geolocbot.exceptions.GeolocbotError'>
[2020-11-14]  09:02:18    pywiki    CRITICAL  Exiting due to uncaught exception <class 'TypeError'>
[2020-11-14]  09:05:05    geolocbot INFO      No string in the SIMC field (column: 'STAN_NA', parsed from: 'date') represents value '2020-01-01', returning last frame no. 0…
[2020-11-14]  09:05:05    geolocbot INFO      [SIMC] Entry frame not found.
[2020-11-14]  09:06:07    pywiki    CRITICAL  Exiting due to uncaught exception <class 'AttributeError'>
[2020-11-14]  09:06:51    geolocbot INFO      [SIMC] Result(s):
       WOJ POW GMI RODZ_GMI  RM MZ   NAZWA      SYM   SYMPOD     STAN_NA
47153   14  19  01        2  01  1  Żukowo  0560160  0560160  2020-01-01
48859   14  20  07        2  01  1  Żukowo  0119764  0119764  2020-01-01
70607   22  02  04        5  01  1  Żukowo  0083026  0083026  2020-01-01
71761   22  05  08        5  01  1  Żukowo  0177514  0177514  2020-01-01
71878   22  05  08        4  96  1  Żukowo  0935127  0935127  2020-01-01
74142   22  03  05        2  05  1  Żukowo  0745668  0745668  2020-01-01
92979   30  16  01        5  01  1  Żukowo  0591892  0591892  2020-01-01
100132  32  05  01        2  04  1  Żukowo  0773127  0773127  2020-01-01
102140  32  13  06        2  01  1  Żukowo  0750557  0750557  2020-01-01
102612  32  14  11        5  01  1  Żukowo  0784125  0784125  2020-01-01
[2020-11-14]  09:07:21    geolocbot INFO      [SIMC] Result(s):
      WOJ POW GMI RODZ_GMI  RM MZ   NAZWA      SYM   SYMPOD     STAN_NA
47153  14  19  01        2  01  1  Żukowo  0560160  0560160  2020-01-01
[2020-11-14]  09:07:27    pywiki    CRITICAL  Exiting due to uncaught exception <class 'KeyError'>
[2020-11-14]  09:08:10    geolocbot INFO      [SIMC] Result(s):
      WOJ POW GMI RODZ_GMI  RM MZ   NAZWA      SYM   SYMPOD     STAN_NA
47153  14  19  01        2  01  1  Żukowo  0560160  0560160  2020-01-01
[2020-11-14]  09:16:00    geolocbot INFO      [SIMC] Result(s):
      WOJ POW GMI RODZ_GMI  RM MZ   NAZWA      SYM   SYMPOD     STAN_NA
47153  14  19  01        2  01  1  Żukowo  0560160  0560160  2020-01-01
[2020-11-14]  09:16:00    pywiki    CRITICAL  Exiting due to uncaught exception <class 'AttributeError'>
[2020-11-14]  09:16:42    geolocbot INFO      [SIMC] Result(s):
      WOJ POW GMI RODZ_GMI  RM MZ   NAZWA      SYM   SYMPOD     STAN_NA
47153  14  19  01        2  01  1  Żukowo  0560160  0560160  2020-01-01
[2020-11-14]  09:16:45    pywiki    CRITICAL  Exiting due to uncaught exception <class 'ValueError'>
[2020-11-14]  09:17:46    geolocbot INFO      [SIMC] Result(s):
      WOJ POW GMI RODZ_GMI  RM MZ   NAZWA      SYM   SYMPOD     STAN_NA
47153  14  19  01        2  01  1  Żukowo  0560160  0560160  2020-01-01
[2020-11-14]  09:17:46    pywiki    CRITICAL  Exiting due to uncaught exception <class 'ValueError'>
[2020-11-14]  09:20:10    geolocbot INFO      [SIMC] Result(s):
      WOJ POW GMI RODZ_GMI  RM MZ   NAZWA      SYM   SYMPOD     STAN_NA
47153  14  19  01        2  01  1  Żukowo  0560160  0560160  2020-01-01
[2020-11-14]  09:28:37    geolocbot INFO      [SIMC] Result(s):
      WOJ POW GMI RODZ_GMI  RM MZ   NAZWA      SYM   SYMPOD     STAN_NA
47153  14  19  01        2  01  1  Żukowo  0560160  0560160  2020-01-01
[2020-11-14]  09:31:12    geolocbot INFO      [SIMC] Result(s):
      WOJ POW GMI RODZ_GMI  RM MZ   NAZWA      SYM   SYMPOD     STAN_NA
47153  14  19  01        2  01  1  Żukowo  0560160  0560160  2020-01-01
[2020-11-14]  09:31:36    geolocbot INFO      [SIMC] Result(s):
      WOJ POW GMI RODZ_GMI  RM MZ   NAZWA      SYM   SYMPOD     STAN_NA
47153  14  19  01        2  01  1  Żukowo  0560160  0560160  2020-01-01
[2020-11-14]  09:31:36    pywiki    CRITICAL  Exiting due to uncaught exception <class 'TypeError'>
[2020-11-14]  09:31:50    geolocbot INFO      [SIMC] Result(s):
      WOJ POW GMI RODZ_GMI  RM MZ   NAZWA      SYM   SYMPOD     STAN_NA
47153  14  19  01        2  01  1  Żukowo  0560160  0560160  2020-01-01
[2020-11-14]  09:32:04    geolocbot INFO      [SIMC] Result(s):
      WOJ POW GMI RODZ_GMI  RM MZ   NAZWA      SYM   SYMPOD     STAN_NA
47153  14  19  01        2  01  1  Żukowo  0560160  0560160  2020-01-01
[2020-11-14]  09:32:25    pywiki    CRITICAL  Exiting due to uncaught exception <class 'TypeError'>
[2020-11-14]  09:33:06    geolocbot INFO      [NTS] Result(s):
     POZIOM REGION  ...                          NAZWA_DOD     STAN_NA
6         2      1  ...                        województwo  2005-01-01
7         2      1  ...                        województwo  2005-01-01
8         2      2  ...                        województwo  2005-01-01
9         2      2  ...                        województwo  2005-01-01
10        2      3  ...                        województwo  2005-01-01
...     ...    ...  ...                                ...         ...
4021      5      6  ...  miasto w gminie miejsko-wiejskiej  2005-01-01
4022      5      6  ...                     obszar wiejski  2005-01-01
4093      5      6  ...                      gmina wiejska  2005-01-01
4111      5      6  ...                      gmina wiejska  2005-01-01
4117      5      6  ...                      gmina wiejska  2005-01-01

[566 rows x 10 columns]
[2020-11-14]  09:33:06    pywiki    CRITICAL  Exiting due to uncaught exception <class 'AttributeError'>
[2020-11-14]  09:37:28    geolocbot INFO      [NTS] Result(s):
     POZIOM REGION  ...                          NAZWA_DOD     STAN_NA
6         2      1  ...                        województwo  2005-01-01
7         2      1  ...                        województwo  2005-01-01
8         2      2  ...                        województwo  2005-01-01
9         2      2  ...                        województwo  2005-01-01
10        2      3  ...                        województwo  2005-01-01
...     ...    ...  ...                                ...         ...
4021      5      6  ...  miasto w gminie miejsko-wiejskiej  2005-01-01
4022      5      6  ...                     obszar wiejski  2005-01-01
4093      5      6  ...                      gmina wiejska  2005-01-01
4111      5      6  ...                      gmina wiejska  2005-01-01
4117      5      6  ...                      gmina wiejska  2005-01-01

[566 rows x 10 columns]
[2020-11-14]  09:38:03    geolocbot INFO      [NTS] Result(s):
     POZIOM REGION  ...                          NAZWA_DOD     STAN_NA
0         1      1  ...                             region  2005-01-01
1         1      2  ...                             region  2005-01-01
2         1      3  ...                             region  2005-01-01
3         1      4  ...                             region  2005-01-01
4         1      5  ...                             region  2005-01-01
...     ...    ...  ...                                ...         ...
4116      5      6  ...                      gmina wiejska  2005-01-01
4117      5      6  ...                      gmina wiejska  2005-01-01
4118      5      6  ...              gmina miejsko-wiejska  2005-01-01
4119      5      6  ...  miasto w gminie miejsko-wiejskiej  2005-01-01
4120      5      6  ...                     obszar wiejski  2005-01-01

[3742 rows x 10 columns]
[2020-11-14]  09:38:13    geolocbot INFO      No string in the NTS field (column: 'NAZWA_DOD', parsed from: 'function') represents value 'x', returning last frame no. 0…
[2020-11-14]  09:38:13    geolocbot INFO      [NTS] Entry frame not found.
[2020-11-14]  09:39:12    geolocbot INFO      No string in the NTS field (column: 'NAZWA_DOD', parsed from: 'function') represents value '', returning last frame no. 0…
[2020-11-14]  09:39:12    geolocbot INFO      [NTS] Entry frame not found.
[2020-11-14]  09:41:26    geolocbot INFO      No string in the NTS field (column: 'NAZWA_DOD', parsed from: 'function') represents value '', returning last frame no. 0…
[2020-11-14]  09:41:26    geolocbot INFO      [NTS] Entry frame not found.
[2020-11-14]  09:46:27    geolocbot INFO      No string in the NTS field (column: 'NAZWA_DOD', parsed from: 'function') represents value '', returning last frame no. 0…
[2020-11-14]  09:46:27    geolocbot INFO      [NTS] Entry frame not found.
[2020-11-14]  10:17:56    geolocbot INFO      No string in the NTS field (column: 'NAZWA_DOD', parsed from: 'function') represents value '', returning last frame no. 0…
[2020-11-14]  10:17:56    geolocbot INFO      [NTS] Entry frame not found.
[2020-11-14]  10:18:12    geolocbot INFO      [NTS] Result(s):
     POZIOM REGION  ...                          NAZWA_DOD     STAN_NA
0         1      1  ...                             region  2005-01-01
1         1      2  ...                             region  2005-01-01
2         1      3  ...                             region  2005-01-01
3         1      4  ...                             region  2005-01-01
4         1      5  ...                             region  2005-01-01
...     ...    ...  ...                                ...         ...
4116      5      6  ...                      gmina wiejska  2005-01-01
4117      5      6  ...                      gmina wiejska  2005-01-01
4118      5      6  ...              gmina miejsko-wiejska  2005-01-01
4119      5      6  ...  miasto w gminie miejsko-wiejskiej  2005-01-01
4120      5      6  ...                     obszar wiejski  2005-01-01

[3742 rows x 10 columns]
[2020-11-14]  10:19:27    geolocbot INFO      [NTS] Result(s):
     POZIOM REGION  ...                          NAZWA_DOD     STAN_NA
0         1      1  ...                             region  2005-01-01
1         1      2  ...                             region  2005-01-01
2         1      3  ...                             region  2005-01-01
3         1      4  ...                             region  2005-01-01
4         1      5  ...                             region  2005-01-01
...     ...    ...  ...                                ...         ...
4116      5      6  ...                      gmina wiejska  2005-01-01
4117      5      6  ...                      gmina wiejska  2005-01-01
4118      5      6  ...              gmina miejsko-wiejska  2005-01-01
4119      5      6  ...  miasto w gminie miejsko-wiejskiej  2005-01-01
4120      5      6  ...                     obszar wiejski  2005-01-01

[3742 rows x 10 columns]
[2020-11-14]  10:19:38    geolocbot INFO      [NTS] Result(s):
     POZIOM REGION  ...                          NAZWA_DOD     STAN_NA
0         1      1  ...                             region  2005-01-01
1         1      2  ...                             region  2005-01-01
2         1      3  ...                             region  2005-01-01
3         1      4  ...                             region  2005-01-01
4         1      5  ...                             region  2005-01-01
...     ...    ...  ...                                ...         ...
4116      5      6  ...                      gmina wiejska  2005-01-01
4117      5      6  ...                      gmina wiejska  2005-01-01
4118      5      6  ...              gmina miejsko-wiejska  2005-01-01
4119      5      6  ...  miasto w gminie miejsko-wiejskiej  2005-01-01
4120      5      6  ...                     obszar wiejski  2005-01-01

[3742 rows x 10 columns]
[2020-11-14]  10:20:05    pywiki    CRITICAL  Exiting due to uncaught exception <class 'TypeError'>
[2020-11-14]  10:21:23    pywiki    CRITICAL  Exiting due to uncaught exception <class 'TypeError'>
[2020-11-14]  10:44:06    pywiki    CRITICAL  Exiting due to uncaught exception <class 'RecursionError'>
[2020-11-14]  10:45:44    pywiki    CRITICAL  Exiting due to uncaught exception <class 'RecursionError'>
[2020-11-14]  10:46:33    pywiki    CRITICAL  Exiting due to uncaught exception <class 'RecursionError'>
[2020-11-14]  10:48:25    pywiki    CRITICAL  Exiting due to uncaught exception <class 'RecursionError'>
[2020-11-14]  10:49:06    pywiki    CRITICAL  Exiting due to uncaught exception <class 'TypeError'>
[2020-11-14]  10:49:57    pywiki    CRITICAL  Exiting due to uncaught exception <class 'geolocbot.exceptions.GeolocbotError'>
[2020-11-14]  10:51:18    pywiki    CRITICAL  Exiting due to uncaught exception <class 'geolocbot.exceptions.GeolocbotError'>
[2020-11-14]  10:55:29    pywiki    CRITICAL  Exiting due to uncaught exception <class 'AttributeError'>
[2020-11-14]  10:59:50    pywiki    CRITICAL  Exiting due to uncaught exception <class 'RecursionError'>
[2020-11-14]  11:03:50    pywiki    CRITICAL  Exiting due to uncaught exception <class 'RecursionError'>
[2020-11-14]  11:04:00    pywiki    CRITICAL  Exiting due to uncaught exception <class 'geolocbot.exceptions.GeolocbotError'>
[2020-11-14]  11:07:22    pywiki    CRITICAL  Exiting due to uncaught exception <class 'RecursionError'>
[2020-11-14]  11:08:22    pywiki    CRITICAL  Exiting due to uncaught exception <class 'SystemError'>
[2020-11-14]  11:14:01    pywiki    CRITICAL  Exiting due to uncaught exception <class 'AttributeError'>
[2020-11-14]  11:15:55    pywiki    CRITICAL  Exiting due to uncaught exception <class 'RecursionError'>
[2020-11-14]  11:19:50    pywiki    CRITICAL  Exiting due to uncaught exception <class 'RecursionError'>
[2020-11-14]  11:20:34    pywiki    CRITICAL  Exiting due to uncaught exception <class 'TypeError'>
[2020-11-14]  11:21:08    pywiki    CRITICAL  Exiting due to uncaught exception <class 'TypeError'>
[2020-11-14]  11:22:01    pywiki    CRITICAL  Exiting due to uncaught exception <class 'TypeError'>
[2020-11-14]  11:22:53    pywiki    CRITICAL  Exiting due to uncaught exception <class 'geolocbot.exceptions.GeolocbotError'>
[2020-11-14]  11:23:46    pywiki    CRITICAL  Exiting due to uncaught exception <class 'geolocbot.exceptions.GeolocbotError'>
[2020-11-14]  11:24:19    pywiki    CRITICAL  Exiting due to uncaught exception <class 'TypeError'>
[2020-11-14]  11:26:15    pywiki    CRITICAL  Exiting due to uncaught exception <class 'TypeError'>
[2020-11-14]  11:26:26    pywiki    CRITICAL  Exiting due to uncaught exception <class 'TypeError'>
[2020-11-14]  11:26:39    geolocbot INFO      [TERC] Entry frame not found.
[2020-11-14]  11:35:33    geolocbot INFO      [TERC] Entry frame not found.
[2020-11-14]  11:36:05    pywiki    CRITICAL  Exiting due to uncaught exception <class 'TypeError'>
[2020-11-14]  11:37:36    geolocbot INFO      [TERC] Entry frame not found.
[2020-11-14]  11:37:56    geolocbot INFO      [TERC] Entry frame not found.
[2020-11-14]  11:38:11    pywiki    CRITICAL  Exiting due to uncaught exception <class 'AttributeError'>
[2020-11-14]  11:39:59    geolocbot INFO      [TERC] Entry frame not found.
[2020-11-14]  11:44:31    geolocbot INFO      [TERC] Entry frame not found.
[2020-11-14]  11:46:37    geolocbot INFO      [TERC] Entry frame not found.
[2020-11-14]  11:46:52    geolocbot INFO      [TERC] Entry frame not found.
[2020-11-14]  11:47:34    geolocbot INFO      [TERC] Entry frame not found.
[2020-11-14]  11:47:43    geolocbot INFO      [TERC] Entry frame not found.
[2020-11-14]  11:48:12    geolocbot INFO      [TERC] Entry frame not found.
[2020-11-14]  11:48:23    geolocbot INFO      [TERC] Entry frame not found.
[2020-11-14]  11:48:37    geolocbot INFO      [TERC] Result(s):
     WOJ POW  GMI RODZ          NAZWA                  NAZWA_DOD     STAN_NA
1     02  01  NaN  NaN  bolesławiecki                     powiat  2020-01-01
2     02  01   01    1    Bolesławiec              gmina miejska  2020-01-01
3     02  01   02    2    Bolesławiec              gmina wiejska  2020-01-01
4     02  01   03    2       Gromadka              gmina wiejska  2020-01-01
8     02  01   05    2     Osiecznica              gmina wiejska  2020-01-01
...   ..  ..  ...  ...            ...                        ...         ...
4176  32  18   01    4          Dobra                     miasto  2020-01-01
4177  32  18   01    5          Dobra             obszar wiejski  2020-01-01
4181  32  18   03    2    Radowo Małe              gmina wiejska  2020-01-01
4188  32  61  NaN  NaN       Koszalin  miasto na prawach powiatu  2020-01-01
4189  32  61   01    1       Koszalin              gmina miejska  2020-01-01

[2073 rows x 7 columns]
